65620: addi x2, x2, -192
x2 = 805306368
before: x2 = 805306368
after: x2 = 805306176

65624: sw x8, 188(x2)
x8 = 0
x2 = 805306176

65628: addi x8, x2, 192
x2 = 805306176
before: x8 = 0
after: x8 = 805306368

65632: sw x0, -20(x8)
x0 = 0
x8 = 805306368

65636: jal x0, 40

65676: lw x14, -20(x8)
x8 = 805306368
before: x14 = 0
after: x14 = 0

65680: addi x15, x0, 39
x0 = 0
before: x15 = 0
after: x15 = 39

65684: bge x14, x15, -44
x14 = 0
x15 = 39

65640: lw x15, -20(x8)
x8 = 805306368
before: x15 = 39
after: x15 = 0

65644: slli x15, x15, 2
x15 = 00000000000000000000000000000000
before: x15 = 00000000000000000000000000000000
after: x15 = 00000000000000000000000000000000

65648: addi x15, x15, -16
x15 = 0
before: x15 = 0
after: x15 = -16

65652: add x15, x15, x8
x15 = 4294967280
x8 = 805306368
before: x15 = -16
after: x15 = 805306352

65656: lw x14, -20(x8)
x8 = 805306368
before: x14 = 0
after: x14 = 0

65660: sw x14, -172(x15)
x14 = 0
x15 = 805306352

65664: lw x15, -20(x8)
x8 = 805306368
before: x15 = 805306352
after: x15 = 0

65668: addi x15, x15, 1
x15 = 0
before: x15 = 0
after: x15 = 1

65672: sw x15, -20(x8)
x15 = 1
x8 = 805306368

65676: lw x14, -20(x8)
x8 = 805306368
before: x14 = 0
after: x14 = 1

65680: addi x15, x0, 39
x0 = 0
before: x15 = 1
after: x15 = 39

65684: bge x14, x15, -44
x14 = 1
x15 = 39

65640: lw x15, -20(x8)
x8 = 805306368
before: x15 = 39
after: x15 = 1

65644: slli x15, x15, 2
x15 = 00000000000000000000000000000001
before: x15 = 00000000000000000000000000000001
after: x15 = 00000000000000000000000000000100

65648: addi x15, x15, -16
x15 = 4
before: x15 = 4
after: x15 = -12

65652: add x15, x15, x8
x15 = 4294967284
x8 = 805306368
before: x15 = -12
after: x15 = 805306356

65656: lw x14, -20(x8)
x8 = 805306368
before: x14 = 1
after: x14 = 1

65660: sw x14, -172(x15)
x14 = 1
x15 = 805306356

65664: lw x15, -20(x8)
x8 = 805306368
before: x15 = 805306356
after: x15 = 1

65668: addi x15, x15, 1
x15 = 1
before: x15 = 1
after: x15 = 2

65672: sw x15, -20(x8)
x15 = 2
x8 = 805306368

65676: lw x14, -20(x8)
x8 = 805306368
before: x14 = 1
after: x14 = 2

65680: addi x15, x0, 39
x0 = 0
before: x15 = 2
after: x15 = 39

65684: bge x14, x15, -44
x14 = 2
x15 = 39

65640: lw x15, -20(x8)
x8 = 805306368
before: x15 = 39
after: x15 = 2

65644: slli x15, x15, 2
x15 = 00000000000000000000000000000010
before: x15 = 00000000000000000000000000000010
after: x15 = 00000000000000000000000000001000

65648: addi x15, x15, -16
x15 = 8
before: x15 = 8
after: x15 = -8

65652: add x15, x15, x8
x15 = 4294967288
x8 = 805306368
before: x15 = -8
after: x15 = 805306360

65656: lw x14, -20(x8)
x8 = 805306368
before: x14 = 2
after: x14 = 2

65660: sw x14, -172(x15)
x14 = 2
x15 = 805306360

65664: lw x15, -20(x8)
x8 = 805306368
before: x15 = 805306360
after: x15 = 2

65668: addi x15, x15, 1
x15 = 2
before: x15 = 2
after: x15 = 3

65672: sw x15, -20(x8)
x15 = 3
x8 = 805306368

65676: lw x14, -20(x8)
x8 = 805306368
before: x14 = 2
after: x14 = 3

65680: addi x15, x0, 39
x0 = 0
before: x15 = 3
after: x15 = 39

65684: bge x14, x15, -44
x14 = 3
x15 = 39

65640: lw x15, -20(x8)
x8 = 805306368
before: x15 = 39
after: x15 = 3

65644: slli x15, x15, 2
x15 = 00000000000000000000000000000011
before: x15 = 00000000000000000000000000000011
after: x15 = 00000000000000000000000000001100

65648: addi x15, x15, -16
x15 = 12
before: x15 = 12
after: x15 = -4

65652: add x15, x15, x8
x15 = 4294967292
x8 = 805306368
before: x15 = -4
after: x15 = 805306364

65656: lw x14, -20(x8)
x8 = 805306368
before: x14 = 3
after: x14 = 3

65660: sw x14, -172(x15)
x14 = 3
x15 = 805306364

65664: lw x15, -20(x8)
x8 = 805306368
before: x15 = 805306364
after: x15 = 3

65668: addi x15, x15, 1
x15 = 3
before: x15 = 3
after: x15 = 4

65672: sw x15, -20(x8)
x15 = 4
x8 = 805306368

65676: lw x14, -20(x8)
x8 = 805306368
before: x14 = 3
after: x14 = 4

65680: addi x15, x0, 39
x0 = 0
before: x15 = 4
after: x15 = 39

65684: bge x14, x15, -44
x14 = 4
x15 = 39

65640: lw x15, -20(x8)
x8 = 805306368
before: x15 = 39
after: x15 = 4

65644: slli x15, x15, 2
x15 = 00000000000000000000000000000100
before: x15 = 00000000000000000000000000000100
after: x15 = 00000000000000000000000000010000

65648: addi x15, x15, -16
x15 = 16
before: x15 = 16
after: x15 = 0

65652: add x15, x15, x8
x15 = 0
x8 = 805306368
before: x15 = 0
after: x15 = 805306368

65656: lw x14, -20(x8)
x8 = 805306368
before: x14 = 4
after: x14 = 4

65660: sw x14, -172(x15)
x14 = 4
x15 = 805306368

65664: lw x15, -20(x8)
x8 = 805306368
before: x15 = 805306368
after: x15 = 4

65668: addi x15, x15, 1
x15 = 4
before: x15 = 4
after: x15 = 5

65672: sw x15, -20(x8)
x15 = 5
x8 = 805306368

65676: lw x14, -20(x8)
x8 = 805306368
before: x14 = 4
after: x14 = 5

65680: addi x15, x0, 39
x0 = 0
before: x15 = 5
after: x15 = 39

65684: bge x14, x15, -44
x14 = 5
x15 = 39

65640: lw x15, -20(x8)
x8 = 805306368
before: x15 = 39
after: x15 = 5

65644: slli x15, x15, 2
x15 = 00000000000000000000000000000101
before: x15 = 00000000000000000000000000000101
after: x15 = 00000000000000000000000000010100

65648: addi x15, x15, -16
x15 = 20
before: x15 = 20
after: x15 = 4

65652: add x15, x15, x8
x15 = 4
x8 = 805306368
before: x15 = 4
after: x15 = 805306372

65656: lw x14, -20(x8)
x8 = 805306368
before: x14 = 5
after: x14 = 5

65660: sw x14, -172(x15)
x14 = 5
x15 = 805306372

65664: lw x15, -20(x8)
x8 = 805306368
before: x15 = 805306372
after: x15 = 5

65668: addi x15, x15, 1
x15 = 5
before: x15 = 5
after: x15 = 6

65672: sw x15, -20(x8)
x15 = 6
x8 = 805306368

65676: lw x14, -20(x8)
x8 = 805306368
before: x14 = 5
after: x14 = 6

65680: addi x15, x0, 39
x0 = 0
before: x15 = 6
after: x15 = 39

65684: bge x14, x15, -44
x14 = 6
x15 = 39

65640: lw x15, -20(x8)
x8 = 805306368
before: x15 = 39
after: x15 = 6

65644: slli x15, x15, 2
x15 = 00000000000000000000000000000110
before: x15 = 00000000000000000000000000000110
after: x15 = 00000000000000000000000000011000

65648: addi x15, x15, -16
x15 = 24
before: x15 = 24
after: x15 = 8

65652: add x15, x15, x8
x15 = 8
x8 = 805306368
before: x15 = 8
after: x15 = 805306376

65656: lw x14, -20(x8)
x8 = 805306368
before: x14 = 6
after: x14 = 6

65660: sw x14, -172(x15)
x14 = 6
x15 = 805306376

65664: lw x15, -20(x8)
x8 = 805306368
before: x15 = 805306376
after: x15 = 6

65668: addi x15, x15, 1
x15 = 6
before: x15 = 6
after: x15 = 7

65672: sw x15, -20(x8)
x15 = 7
x8 = 805306368

65676: lw x14, -20(x8)
x8 = 805306368
before: x14 = 6
after: x14 = 7

65680: addi x15, x0, 39
x0 = 0
before: x15 = 7
after: x15 = 39

65684: bge x14, x15, -44
x14 = 7
x15 = 39

65640: lw x15, -20(x8)
x8 = 805306368
before: x15 = 39
after: x15 = 7

65644: slli x15, x15, 2
x15 = 00000000000000000000000000000111
before: x15 = 00000000000000000000000000000111
after: x15 = 00000000000000000000000000011100

65648: addi x15, x15, -16
x15 = 28
before: x15 = 28
after: x15 = 12

65652: add x15, x15, x8
x15 = 12
x8 = 805306368
before: x15 = 12
after: x15 = 805306380

65656: lw x14, -20(x8)
x8 = 805306368
before: x14 = 7
after: x14 = 7

65660: sw x14, -172(x15)
x14 = 7
x15 = 805306380

65664: lw x15, -20(x8)
x8 = 805306368
before: x15 = 805306380
after: x15 = 7

65668: addi x15, x15, 1
x15 = 7
before: x15 = 7
after: x15 = 8

65672: sw x15, -20(x8)
x15 = 8
x8 = 805306368

65676: lw x14, -20(x8)
x8 = 805306368
before: x14 = 7
after: x14 = 8

65680: addi x15, x0, 39
x0 = 0
before: x15 = 8
after: x15 = 39

65684: bge x14, x15, -44
x14 = 8
x15 = 39

65640: lw x15, -20(x8)
x8 = 805306368
before: x15 = 39
after: x15 = 8

65644: slli x15, x15, 2
x15 = 00000000000000000000000000001000
before: x15 = 00000000000000000000000000001000
after: x15 = 00000000000000000000000000100000

65648: addi x15, x15, -16
x15 = 32
before: x15 = 32
after: x15 = 16

65652: add x15, x15, x8
x15 = 16
x8 = 805306368
before: x15 = 16
after: x15 = 805306384

65656: lw x14, -20(x8)
x8 = 805306368
before: x14 = 8
after: x14 = 8

65660: sw x14, -172(x15)
x14 = 8
x15 = 805306384

65664: lw x15, -20(x8)
x8 = 805306368
before: x15 = 805306384
after: x15 = 8

65668: addi x15, x15, 1
x15 = 8
before: x15 = 8
after: x15 = 9

65672: sw x15, -20(x8)
x15 = 9
x8 = 805306368

65676: lw x14, -20(x8)
x8 = 805306368
before: x14 = 8
after: x14 = 9

65680: addi x15, x0, 39
x0 = 0
before: x15 = 9
after: x15 = 39

65684: bge x14, x15, -44
x14 = 9
x15 = 39

65640: lw x15, -20(x8)
x8 = 805306368
before: x15 = 39
after: x15 = 9

65644: slli x15, x15, 2
x15 = 00000000000000000000000000001001
before: x15 = 00000000000000000000000000001001
after: x15 = 00000000000000000000000000100100

65648: addi x15, x15, -16
x15 = 36
before: x15 = 36
after: x15 = 20

65652: add x15, x15, x8
x15 = 20
x8 = 805306368
before: x15 = 20
after: x15 = 805306388

65656: lw x14, -20(x8)
x8 = 805306368
before: x14 = 9
after: x14 = 9

65660: sw x14, -172(x15)
x14 = 9
x15 = 805306388

65664: lw x15, -20(x8)
x8 = 805306368
before: x15 = 805306388
after: x15 = 9

65668: addi x15, x15, 1
x15 = 9
before: x15 = 9
after: x15 = 10

65672: sw x15, -20(x8)
x15 = 10
x8 = 805306368

65676: lw x14, -20(x8)
x8 = 805306368
before: x14 = 9
after: x14 = 10

65680: addi x15, x0, 39
x0 = 0
before: x15 = 10
after: x15 = 39

65684: bge x14, x15, -44
x14 = 10
x15 = 39

65640: lw x15, -20(x8)
x8 = 805306368
before: x15 = 39
after: x15 = 10

65644: slli x15, x15, 2
x15 = 00000000000000000000000000001010
before: x15 = 00000000000000000000000000001010
after: x15 = 00000000000000000000000000101000

65648: addi x15, x15, -16
x15 = 40
before: x15 = 40
after: x15 = 24

65652: add x15, x15, x8
x15 = 24
x8 = 805306368
before: x15 = 24
after: x15 = 805306392

65656: lw x14, -20(x8)
x8 = 805306368
before: x14 = 10
after: x14 = 10

65660: sw x14, -172(x15)
x14 = 10
x15 = 805306392

65664: lw x15, -20(x8)
x8 = 805306368
before: x15 = 805306392
after: x15 = 10

65668: addi x15, x15, 1
x15 = 10
before: x15 = 10
after: x15 = 11

65672: sw x15, -20(x8)
x15 = 11
x8 = 805306368

65676: lw x14, -20(x8)
x8 = 805306368
before: x14 = 10
after: x14 = 11

65680: addi x15, x0, 39
x0 = 0
before: x15 = 11
after: x15 = 39

65684: bge x14, x15, -44
x14 = 11
x15 = 39

65640: lw x15, -20(x8)
x8 = 805306368
before: x15 = 39
after: x15 = 11

65644: slli x15, x15, 2
x15 = 00000000000000000000000000001011
before: x15 = 00000000000000000000000000001011
after: x15 = 00000000000000000000000000101100

65648: addi x15, x15, -16
x15 = 44
before: x15 = 44
after: x15 = 28

65652: add x15, x15, x8
x15 = 28
x8 = 805306368
before: x15 = 28
after: x15 = 805306396

65656: lw x14, -20(x8)
x8 = 805306368
before: x14 = 11
after: x14 = 11

65660: sw x14, -172(x15)
x14 = 11
x15 = 805306396

65664: lw x15, -20(x8)
x8 = 805306368
before: x15 = 805306396
after: x15 = 11

65668: addi x15, x15, 1
x15 = 11
before: x15 = 11
after: x15 = 12

65672: sw x15, -20(x8)
x15 = 12
x8 = 805306368

65676: lw x14, -20(x8)
x8 = 805306368
before: x14 = 11
after: x14 = 12

65680: addi x15, x0, 39
x0 = 0
before: x15 = 12
after: x15 = 39

65684: bge x14, x15, -44
x14 = 12
x15 = 39

65640: lw x15, -20(x8)
x8 = 805306368
before: x15 = 39
after: x15 = 12

65644: slli x15, x15, 2
x15 = 00000000000000000000000000001100
before: x15 = 00000000000000000000000000001100
after: x15 = 00000000000000000000000000110000

65648: addi x15, x15, -16
x15 = 48
before: x15 = 48
after: x15 = 32

65652: add x15, x15, x8
x15 = 32
x8 = 805306368
before: x15 = 32
after: x15 = 805306400

65656: lw x14, -20(x8)
x8 = 805306368
before: x14 = 12
after: x14 = 12

65660: sw x14, -172(x15)
x14 = 12
x15 = 805306400

65664: lw x15, -20(x8)
x8 = 805306368
before: x15 = 805306400
after: x15 = 12

65668: addi x15, x15, 1
x15 = 12
before: x15 = 12
after: x15 = 13

65672: sw x15, -20(x8)
x15 = 13
x8 = 805306368

65676: lw x14, -20(x8)
x8 = 805306368
before: x14 = 12
after: x14 = 13

65680: addi x15, x0, 39
x0 = 0
before: x15 = 13
after: x15 = 39

65684: bge x14, x15, -44
x14 = 13
x15 = 39

65640: lw x15, -20(x8)
x8 = 805306368
before: x15 = 39
after: x15 = 13

65644: slli x15, x15, 2
x15 = 00000000000000000000000000001101
before: x15 = 00000000000000000000000000001101
after: x15 = 00000000000000000000000000110100

65648: addi x15, x15, -16
x15 = 52
before: x15 = 52
after: x15 = 36

65652: add x15, x15, x8
x15 = 36
x8 = 805306368
before: x15 = 36
after: x15 = 805306404

65656: lw x14, -20(x8)
x8 = 805306368
before: x14 = 13
after: x14 = 13

65660: sw x14, -172(x15)
x14 = 13
x15 = 805306404

65664: lw x15, -20(x8)
x8 = 805306368
before: x15 = 805306404
after: x15 = 13

65668: addi x15, x15, 1
x15 = 13
before: x15 = 13
after: x15 = 14

65672: sw x15, -20(x8)
x15 = 14
x8 = 805306368

65676: lw x14, -20(x8)
x8 = 805306368
before: x14 = 13
after: x14 = 14

65680: addi x15, x0, 39
x0 = 0
before: x15 = 14
after: x15 = 39

65684: bge x14, x15, -44
x14 = 14
x15 = 39

65640: lw x15, -20(x8)
x8 = 805306368
before: x15 = 39
after: x15 = 14

65644: slli x15, x15, 2
x15 = 00000000000000000000000000001110
before: x15 = 00000000000000000000000000001110
after: x15 = 00000000000000000000000000111000

65648: addi x15, x15, -16
x15 = 56
before: x15 = 56
after: x15 = 40

65652: add x15, x15, x8
x15 = 40
x8 = 805306368
before: x15 = 40
after: x15 = 805306408

65656: lw x14, -20(x8)
x8 = 805306368
before: x14 = 14
after: x14 = 14

65660: sw x14, -172(x15)
x14 = 14
x15 = 805306408

65664: lw x15, -20(x8)
x8 = 805306368
before: x15 = 805306408
after: x15 = 14

65668: addi x15, x15, 1
x15 = 14
before: x15 = 14
after: x15 = 15

65672: sw x15, -20(x8)
x15 = 15
x8 = 805306368

65676: lw x14, -20(x8)
x8 = 805306368
before: x14 = 14
after: x14 = 15

65680: addi x15, x0, 39
x0 = 0
before: x15 = 15
after: x15 = 39

65684: bge x14, x15, -44
x14 = 15
x15 = 39

65640: lw x15, -20(x8)
x8 = 805306368
before: x15 = 39
after: x15 = 15

65644: slli x15, x15, 2
x15 = 00000000000000000000000000001111
before: x15 = 00000000000000000000000000001111
after: x15 = 00000000000000000000000000111100

65648: addi x15, x15, -16
x15 = 60
before: x15 = 60
after: x15 = 44

65652: add x15, x15, x8
x15 = 44
x8 = 805306368
before: x15 = 44
after: x15 = 805306412

65656: lw x14, -20(x8)
x8 = 805306368
before: x14 = 15
after: x14 = 15

65660: sw x14, -172(x15)
x14 = 15
x15 = 805306412

65664: lw x15, -20(x8)
x8 = 805306368
before: x15 = 805306412
after: x15 = 15

65668: addi x15, x15, 1
x15 = 15
before: x15 = 15
after: x15 = 16

65672: sw x15, -20(x8)
x15 = 16
x8 = 805306368

65676: lw x14, -20(x8)
x8 = 805306368
before: x14 = 15
after: x14 = 16

65680: addi x15, x0, 39
x0 = 0
before: x15 = 16
after: x15 = 39

65684: bge x14, x15, -44
x14 = 16
x15 = 39

65640: lw x15, -20(x8)
x8 = 805306368
before: x15 = 39
after: x15 = 16

65644: slli x15, x15, 2
x15 = 00000000000000000000000000010000
before: x15 = 00000000000000000000000000010000
after: x15 = 00000000000000000000000001000000

65648: addi x15, x15, -16
x15 = 64
before: x15 = 64
after: x15 = 48

65652: add x15, x15, x8
x15 = 48
x8 = 805306368
before: x15 = 48
after: x15 = 805306416

65656: lw x14, -20(x8)
x8 = 805306368
before: x14 = 16
after: x14 = 16

65660: sw x14, -172(x15)
x14 = 16
x15 = 805306416

65664: lw x15, -20(x8)
x8 = 805306368
before: x15 = 805306416
after: x15 = 16

65668: addi x15, x15, 1
x15 = 16
before: x15 = 16
after: x15 = 17

65672: sw x15, -20(x8)
x15 = 17
x8 = 805306368

65676: lw x14, -20(x8)
x8 = 805306368
before: x14 = 16
after: x14 = 17

65680: addi x15, x0, 39
x0 = 0
before: x15 = 17
after: x15 = 39

65684: bge x14, x15, -44
x14 = 17
x15 = 39

65640: lw x15, -20(x8)
x8 = 805306368
before: x15 = 39
after: x15 = 17

65644: slli x15, x15, 2
x15 = 00000000000000000000000000010001
before: x15 = 00000000000000000000000000010001
after: x15 = 00000000000000000000000001000100

65648: addi x15, x15, -16
x15 = 68
before: x15 = 68
after: x15 = 52

65652: add x15, x15, x8
x15 = 52
x8 = 805306368
before: x15 = 52
after: x15 = 805306420

65656: lw x14, -20(x8)
x8 = 805306368
before: x14 = 17
after: x14 = 17

65660: sw x14, -172(x15)
x14 = 17
x15 = 805306420

65664: lw x15, -20(x8)
x8 = 805306368
before: x15 = 805306420
after: x15 = 17

65668: addi x15, x15, 1
x15 = 17
before: x15 = 17
after: x15 = 18

65672: sw x15, -20(x8)
x15 = 18
x8 = 805306368

65676: lw x14, -20(x8)
x8 = 805306368
before: x14 = 17
after: x14 = 18

65680: addi x15, x0, 39
x0 = 0
before: x15 = 18
after: x15 = 39

65684: bge x14, x15, -44
x14 = 18
x15 = 39

65640: lw x15, -20(x8)
x8 = 805306368
before: x15 = 39
after: x15 = 18

65644: slli x15, x15, 2
x15 = 00000000000000000000000000010010
before: x15 = 00000000000000000000000000010010
after: x15 = 00000000000000000000000001001000

65648: addi x15, x15, -16
x15 = 72
before: x15 = 72
after: x15 = 56

65652: add x15, x15, x8
x15 = 56
x8 = 805306368
before: x15 = 56
after: x15 = 805306424

65656: lw x14, -20(x8)
x8 = 805306368
before: x14 = 18
after: x14 = 18

65660: sw x14, -172(x15)
x14 = 18
x15 = 805306424

65664: lw x15, -20(x8)
x8 = 805306368
before: x15 = 805306424
after: x15 = 18

65668: addi x15, x15, 1
x15 = 18
before: x15 = 18
after: x15 = 19

65672: sw x15, -20(x8)
x15 = 19
x8 = 805306368

65676: lw x14, -20(x8)
x8 = 805306368
before: x14 = 18
after: x14 = 19

65680: addi x15, x0, 39
x0 = 0
before: x15 = 19
after: x15 = 39

65684: bge x14, x15, -44
x14 = 19
x15 = 39

65640: lw x15, -20(x8)
x8 = 805306368
before: x15 = 39
after: x15 = 19

65644: slli x15, x15, 2
x15 = 00000000000000000000000000010011
before: x15 = 00000000000000000000000000010011
after: x15 = 00000000000000000000000001001100

65648: addi x15, x15, -16
x15 = 76
before: x15 = 76
after: x15 = 60

65652: add x15, x15, x8
x15 = 60
x8 = 805306368
before: x15 = 60
after: x15 = 805306428

65656: lw x14, -20(x8)
x8 = 805306368
before: x14 = 19
after: x14 = 19

65660: sw x14, -172(x15)
x14 = 19
x15 = 805306428

65664: lw x15, -20(x8)
x8 = 805306368
before: x15 = 805306428
after: x15 = 19

65668: addi x15, x15, 1
x15 = 19
before: x15 = 19
after: x15 = 20

65672: sw x15, -20(x8)
x15 = 20
x8 = 805306368

65676: lw x14, -20(x8)
x8 = 805306368
before: x14 = 19
after: x14 = 20

65680: addi x15, x0, 39
x0 = 0
before: x15 = 20
after: x15 = 39

65684: bge x14, x15, -44
x14 = 20
x15 = 39

65640: lw x15, -20(x8)
x8 = 805306368
before: x15 = 39
after: x15 = 20

65644: slli x15, x15, 2
x15 = 00000000000000000000000000010100
before: x15 = 00000000000000000000000000010100
after: x15 = 00000000000000000000000001010000

65648: addi x15, x15, -16
x15 = 80
before: x15 = 80
after: x15 = 64

65652: add x15, x15, x8
x15 = 64
x8 = 805306368
before: x15 = 64
after: x15 = 805306432

65656: lw x14, -20(x8)
x8 = 805306368
before: x14 = 20
after: x14 = 20

65660: sw x14, -172(x15)
x14 = 20
x15 = 805306432

65664: lw x15, -20(x8)
x8 = 805306368
before: x15 = 805306432
after: x15 = 20

65668: addi x15, x15, 1
x15 = 20
before: x15 = 20
after: x15 = 21

65672: sw x15, -20(x8)
x15 = 21
x8 = 805306368

65676: lw x14, -20(x8)
x8 = 805306368
before: x14 = 20
after: x14 = 21

65680: addi x15, x0, 39
x0 = 0
before: x15 = 21
after: x15 = 39

65684: bge x14, x15, -44
x14 = 21
x15 = 39

65640: lw x15, -20(x8)
x8 = 805306368
before: x15 = 39
after: x15 = 21

65644: slli x15, x15, 2
x15 = 00000000000000000000000000010101
before: x15 = 00000000000000000000000000010101
after: x15 = 00000000000000000000000001010100

65648: addi x15, x15, -16
x15 = 84
before: x15 = 84
after: x15 = 68

65652: add x15, x15, x8
x15 = 68
x8 = 805306368
before: x15 = 68
after: x15 = 805306436

65656: lw x14, -20(x8)
x8 = 805306368
before: x14 = 21
after: x14 = 21

65660: sw x14, -172(x15)
x14 = 21
x15 = 805306436

65664: lw x15, -20(x8)
x8 = 805306368
before: x15 = 805306436
after: x15 = 21

65668: addi x15, x15, 1
x15 = 21
before: x15 = 21
after: x15 = 22

65672: sw x15, -20(x8)
x15 = 22
x8 = 805306368

65676: lw x14, -20(x8)
x8 = 805306368
before: x14 = 21
after: x14 = 22

65680: addi x15, x0, 39
x0 = 0
before: x15 = 22
after: x15 = 39

65684: bge x14, x15, -44
x14 = 22
x15 = 39

65640: lw x15, -20(x8)
x8 = 805306368
before: x15 = 39
after: x15 = 22

65644: slli x15, x15, 2
x15 = 00000000000000000000000000010110
before: x15 = 00000000000000000000000000010110
after: x15 = 00000000000000000000000001011000

65648: addi x15, x15, -16
x15 = 88
before: x15 = 88
after: x15 = 72

65652: add x15, x15, x8
x15 = 72
x8 = 805306368
before: x15 = 72
after: x15 = 805306440

65656: lw x14, -20(x8)
x8 = 805306368
before: x14 = 22
after: x14 = 22

65660: sw x14, -172(x15)
x14 = 22
x15 = 805306440

65664: lw x15, -20(x8)
x8 = 805306368
before: x15 = 805306440
after: x15 = 22

65668: addi x15, x15, 1
x15 = 22
before: x15 = 22
after: x15 = 23

65672: sw x15, -20(x8)
x15 = 23
x8 = 805306368

65676: lw x14, -20(x8)
x8 = 805306368
before: x14 = 22
after: x14 = 23

65680: addi x15, x0, 39
x0 = 0
before: x15 = 23
after: x15 = 39

65684: bge x14, x15, -44
x14 = 23
x15 = 39

65640: lw x15, -20(x8)
x8 = 805306368
before: x15 = 39
after: x15 = 23

65644: slli x15, x15, 2
x15 = 00000000000000000000000000010111
before: x15 = 00000000000000000000000000010111
after: x15 = 00000000000000000000000001011100

65648: addi x15, x15, -16
x15 = 92
before: x15 = 92
after: x15 = 76

65652: add x15, x15, x8
x15 = 76
x8 = 805306368
before: x15 = 76
after: x15 = 805306444

65656: lw x14, -20(x8)
x8 = 805306368
before: x14 = 23
after: x14 = 23

65660: sw x14, -172(x15)
x14 = 23
x15 = 805306444

65664: lw x15, -20(x8)
x8 = 805306368
before: x15 = 805306444
after: x15 = 23

65668: addi x15, x15, 1
x15 = 23
before: x15 = 23
after: x15 = 24

65672: sw x15, -20(x8)
x15 = 24
x8 = 805306368

65676: lw x14, -20(x8)
x8 = 805306368
before: x14 = 23
after: x14 = 24

65680: addi x15, x0, 39
x0 = 0
before: x15 = 24
after: x15 = 39

65684: bge x14, x15, -44
x14 = 24
x15 = 39

65640: lw x15, -20(x8)
x8 = 805306368
before: x15 = 39
after: x15 = 24

65644: slli x15, x15, 2
x15 = 00000000000000000000000000011000
before: x15 = 00000000000000000000000000011000
after: x15 = 00000000000000000000000001100000

65648: addi x15, x15, -16
x15 = 96
before: x15 = 96
after: x15 = 80

65652: add x15, x15, x8
x15 = 80
x8 = 805306368
before: x15 = 80
after: x15 = 805306448

65656: lw x14, -20(x8)
x8 = 805306368
before: x14 = 24
after: x14 = 24

65660: sw x14, -172(x15)
x14 = 24
x15 = 805306448

65664: lw x15, -20(x8)
x8 = 805306368
before: x15 = 805306448
after: x15 = 24

65668: addi x15, x15, 1
x15 = 24
before: x15 = 24
after: x15 = 25

65672: sw x15, -20(x8)
x15 = 25
x8 = 805306368

65676: lw x14, -20(x8)
x8 = 805306368
before: x14 = 24
after: x14 = 25

65680: addi x15, x0, 39
x0 = 0
before: x15 = 25
after: x15 = 39

65684: bge x14, x15, -44
x14 = 25
x15 = 39

65640: lw x15, -20(x8)
x8 = 805306368
before: x15 = 39
after: x15 = 25

65644: slli x15, x15, 2
x15 = 00000000000000000000000000011001
before: x15 = 00000000000000000000000000011001
after: x15 = 00000000000000000000000001100100

65648: addi x15, x15, -16
x15 = 100
before: x15 = 100
after: x15 = 84

65652: add x15, x15, x8
x15 = 84
x8 = 805306368
before: x15 = 84
after: x15 = 805306452

65656: lw x14, -20(x8)
x8 = 805306368
before: x14 = 25
after: x14 = 25

65660: sw x14, -172(x15)
x14 = 25
x15 = 805306452

65664: lw x15, -20(x8)
x8 = 805306368
before: x15 = 805306452
after: x15 = 25

65668: addi x15, x15, 1
x15 = 25
before: x15 = 25
after: x15 = 26

65672: sw x15, -20(x8)
x15 = 26
x8 = 805306368

65676: lw x14, -20(x8)
x8 = 805306368
before: x14 = 25
after: x14 = 26

65680: addi x15, x0, 39
x0 = 0
before: x15 = 26
after: x15 = 39

65684: bge x14, x15, -44
x14 = 26
x15 = 39

65640: lw x15, -20(x8)
x8 = 805306368
before: x15 = 39
after: x15 = 26

65644: slli x15, x15, 2
x15 = 00000000000000000000000000011010
before: x15 = 00000000000000000000000000011010
after: x15 = 00000000000000000000000001101000

65648: addi x15, x15, -16
x15 = 104
before: x15 = 104
after: x15 = 88

65652: add x15, x15, x8
x15 = 88
x8 = 805306368
before: x15 = 88
after: x15 = 805306456

65656: lw x14, -20(x8)
x8 = 805306368
before: x14 = 26
after: x14 = 26

65660: sw x14, -172(x15)
x14 = 26
x15 = 805306456

65664: lw x15, -20(x8)
x8 = 805306368
before: x15 = 805306456
after: x15 = 26

65668: addi x15, x15, 1
x15 = 26
before: x15 = 26
after: x15 = 27

65672: sw x15, -20(x8)
x15 = 27
x8 = 805306368

65676: lw x14, -20(x8)
x8 = 805306368
before: x14 = 26
after: x14 = 27

65680: addi x15, x0, 39
x0 = 0
before: x15 = 27
after: x15 = 39

65684: bge x14, x15, -44
x14 = 27
x15 = 39

65640: lw x15, -20(x8)
x8 = 805306368
before: x15 = 39
after: x15 = 27

65644: slli x15, x15, 2
x15 = 00000000000000000000000000011011
before: x15 = 00000000000000000000000000011011
after: x15 = 00000000000000000000000001101100

65648: addi x15, x15, -16
x15 = 108
before: x15 = 108
after: x15 = 92

65652: add x15, x15, x8
x15 = 92
x8 = 805306368
before: x15 = 92
after: x15 = 805306460

65656: lw x14, -20(x8)
x8 = 805306368
before: x14 = 27
after: x14 = 27

65660: sw x14, -172(x15)
x14 = 27
x15 = 805306460

65664: lw x15, -20(x8)
x8 = 805306368
before: x15 = 805306460
after: x15 = 27

65668: addi x15, x15, 1
x15 = 27
before: x15 = 27
after: x15 = 28

65672: sw x15, -20(x8)
x15 = 28
x8 = 805306368

65676: lw x14, -20(x8)
x8 = 805306368
before: x14 = 27
after: x14 = 28

65680: addi x15, x0, 39
x0 = 0
before: x15 = 28
after: x15 = 39

65684: bge x14, x15, -44
x14 = 28
x15 = 39

65640: lw x15, -20(x8)
x8 = 805306368
before: x15 = 39
after: x15 = 28

65644: slli x15, x15, 2
x15 = 00000000000000000000000000011100
before: x15 = 00000000000000000000000000011100
after: x15 = 00000000000000000000000001110000

65648: addi x15, x15, -16
x15 = 112
before: x15 = 112
after: x15 = 96

65652: add x15, x15, x8
x15 = 96
x8 = 805306368
before: x15 = 96
after: x15 = 805306464

65656: lw x14, -20(x8)
x8 = 805306368
before: x14 = 28
after: x14 = 28

65660: sw x14, -172(x15)
x14 = 28
x15 = 805306464

65664: lw x15, -20(x8)
x8 = 805306368
before: x15 = 805306464
after: x15 = 28

65668: addi x15, x15, 1
x15 = 28
before: x15 = 28
after: x15 = 29

65672: sw x15, -20(x8)
x15 = 29
x8 = 805306368

65676: lw x14, -20(x8)
x8 = 805306368
before: x14 = 28
after: x14 = 29

65680: addi x15, x0, 39
x0 = 0
before: x15 = 29
after: x15 = 39

65684: bge x14, x15, -44
x14 = 29
x15 = 39

65640: lw x15, -20(x8)
x8 = 805306368
before: x15 = 39
after: x15 = 29

65644: slli x15, x15, 2
x15 = 00000000000000000000000000011101
before: x15 = 00000000000000000000000000011101
after: x15 = 00000000000000000000000001110100

65648: addi x15, x15, -16
x15 = 116
before: x15 = 116
after: x15 = 100

65652: add x15, x15, x8
x15 = 100
x8 = 805306368
before: x15 = 100
after: x15 = 805306468

65656: lw x14, -20(x8)
x8 = 805306368
before: x14 = 29
after: x14 = 29

65660: sw x14, -172(x15)
x14 = 29
x15 = 805306468

65664: lw x15, -20(x8)
x8 = 805306368
before: x15 = 805306468
after: x15 = 29

65668: addi x15, x15, 1
x15 = 29
before: x15 = 29
after: x15 = 30

65672: sw x15, -20(x8)
x15 = 30
x8 = 805306368

65676: lw x14, -20(x8)
x8 = 805306368
before: x14 = 29
after: x14 = 30

65680: addi x15, x0, 39
x0 = 0
before: x15 = 30
after: x15 = 39

65684: bge x14, x15, -44
x14 = 30
x15 = 39

65640: lw x15, -20(x8)
x8 = 805306368
before: x15 = 39
after: x15 = 30

65644: slli x15, x15, 2
x15 = 00000000000000000000000000011110
before: x15 = 00000000000000000000000000011110
after: x15 = 00000000000000000000000001111000

65648: addi x15, x15, -16
x15 = 120
before: x15 = 120
after: x15 = 104

65652: add x15, x15, x8
x15 = 104
x8 = 805306368
before: x15 = 104
after: x15 = 805306472

65656: lw x14, -20(x8)
x8 = 805306368
before: x14 = 30
after: x14 = 30

65660: sw x14, -172(x15)
x14 = 30
x15 = 805306472

65664: lw x15, -20(x8)
x8 = 805306368
before: x15 = 805306472
after: x15 = 30

65668: addi x15, x15, 1
x15 = 30
before: x15 = 30
after: x15 = 31

65672: sw x15, -20(x8)
x15 = 31
x8 = 805306368

65676: lw x14, -20(x8)
x8 = 805306368
before: x14 = 30
after: x14 = 31

65680: addi x15, x0, 39
x0 = 0
before: x15 = 31
after: x15 = 39

65684: bge x14, x15, -44
x14 = 31
x15 = 39

65640: lw x15, -20(x8)
x8 = 805306368
before: x15 = 39
after: x15 = 31

65644: slli x15, x15, 2
x15 = 00000000000000000000000000011111
before: x15 = 00000000000000000000000000011111
after: x15 = 00000000000000000000000001111100

65648: addi x15, x15, -16
x15 = 124
before: x15 = 124
after: x15 = 108

65652: add x15, x15, x8
x15 = 108
x8 = 805306368
before: x15 = 108
after: x15 = 805306476

65656: lw x14, -20(x8)
x8 = 805306368
before: x14 = 31
after: x14 = 31

65660: sw x14, -172(x15)
x14 = 31
x15 = 805306476

65664: lw x15, -20(x8)
x8 = 805306368
before: x15 = 805306476
after: x15 = 31

65668: addi x15, x15, 1
x15 = 31
before: x15 = 31
after: x15 = 32

65672: sw x15, -20(x8)
x15 = 32
x8 = 805306368

65676: lw x14, -20(x8)
x8 = 805306368
before: x14 = 31
after: x14 = 32

65680: addi x15, x0, 39
x0 = 0
before: x15 = 32
after: x15 = 39

65684: bge x14, x15, -44
x14 = 32
x15 = 39

65640: lw x15, -20(x8)
x8 = 805306368
before: x15 = 39
after: x15 = 32

65644: slli x15, x15, 2
x15 = 00000000000000000000000000100000
before: x15 = 00000000000000000000000000100000
after: x15 = 00000000000000000000000010000000

65648: addi x15, x15, -16
x15 = 128
before: x15 = 128
after: x15 = 112

65652: add x15, x15, x8
x15 = 112
x8 = 805306368
before: x15 = 112
after: x15 = 805306480

65656: lw x14, -20(x8)
x8 = 805306368
before: x14 = 32
after: x14 = 32

65660: sw x14, -172(x15)
x14 = 32
x15 = 805306480

65664: lw x15, -20(x8)
x8 = 805306368
before: x15 = 805306480
after: x15 = 32

65668: addi x15, x15, 1
x15 = 32
before: x15 = 32
after: x15 = 33

65672: sw x15, -20(x8)
x15 = 33
x8 = 805306368

65676: lw x14, -20(x8)
x8 = 805306368
before: x14 = 32
after: x14 = 33

65680: addi x15, x0, 39
x0 = 0
before: x15 = 33
after: x15 = 39

65684: bge x14, x15, -44
x14 = 33
x15 = 39

65640: lw x15, -20(x8)
x8 = 805306368
before: x15 = 39
after: x15 = 33

65644: slli x15, x15, 2
x15 = 00000000000000000000000000100001
before: x15 = 00000000000000000000000000100001
after: x15 = 00000000000000000000000010000100

65648: addi x15, x15, -16
x15 = 132
before: x15 = 132
after: x15 = 116

65652: add x15, x15, x8
x15 = 116
x8 = 805306368
before: x15 = 116
after: x15 = 805306484

65656: lw x14, -20(x8)
x8 = 805306368
before: x14 = 33
after: x14 = 33

65660: sw x14, -172(x15)
x14 = 33
x15 = 805306484

65664: lw x15, -20(x8)
x8 = 805306368
before: x15 = 805306484
after: x15 = 33

65668: addi x15, x15, 1
x15 = 33
before: x15 = 33
after: x15 = 34

65672: sw x15, -20(x8)
x15 = 34
x8 = 805306368

65676: lw x14, -20(x8)
x8 = 805306368
before: x14 = 33
after: x14 = 34

65680: addi x15, x0, 39
x0 = 0
before: x15 = 34
after: x15 = 39

65684: bge x14, x15, -44
x14 = 34
x15 = 39

65640: lw x15, -20(x8)
x8 = 805306368
before: x15 = 39
after: x15 = 34

65644: slli x15, x15, 2
x15 = 00000000000000000000000000100010
before: x15 = 00000000000000000000000000100010
after: x15 = 00000000000000000000000010001000

65648: addi x15, x15, -16
x15 = 136
before: x15 = 136
after: x15 = 120

65652: add x15, x15, x8
x15 = 120
x8 = 805306368
before: x15 = 120
after: x15 = 805306488

65656: lw x14, -20(x8)
x8 = 805306368
before: x14 = 34
after: x14 = 34

65660: sw x14, -172(x15)
x14 = 34
x15 = 805306488

65664: lw x15, -20(x8)
x8 = 805306368
before: x15 = 805306488
after: x15 = 34

65668: addi x15, x15, 1
x15 = 34
before: x15 = 34
after: x15 = 35

65672: sw x15, -20(x8)
x15 = 35
x8 = 805306368

65676: lw x14, -20(x8)
x8 = 805306368
before: x14 = 34
after: x14 = 35

65680: addi x15, x0, 39
x0 = 0
before: x15 = 35
after: x15 = 39

65684: bge x14, x15, -44
x14 = 35
x15 = 39

65640: lw x15, -20(x8)
x8 = 805306368
before: x15 = 39
after: x15 = 35

65644: slli x15, x15, 2
x15 = 00000000000000000000000000100011
before: x15 = 00000000000000000000000000100011
after: x15 = 00000000000000000000000010001100

65648: addi x15, x15, -16
x15 = 140
before: x15 = 140
after: x15 = 124

65652: add x15, x15, x8
x15 = 124
x8 = 805306368
before: x15 = 124
after: x15 = 805306492

65656: lw x14, -20(x8)
x8 = 805306368
before: x14 = 35
after: x14 = 35

65660: sw x14, -172(x15)
x14 = 35
x15 = 805306492

65664: lw x15, -20(x8)
x8 = 805306368
before: x15 = 805306492
after: x15 = 35

65668: addi x15, x15, 1
x15 = 35
before: x15 = 35
after: x15 = 36

65672: sw x15, -20(x8)
x15 = 36
x8 = 805306368

65676: lw x14, -20(x8)
x8 = 805306368
before: x14 = 35
after: x14 = 36

65680: addi x15, x0, 39
x0 = 0
before: x15 = 36
after: x15 = 39

65684: bge x14, x15, -44
x14 = 36
x15 = 39

65640: lw x15, -20(x8)
x8 = 805306368
before: x15 = 39
after: x15 = 36

65644: slli x15, x15, 2
x15 = 00000000000000000000000000100100
before: x15 = 00000000000000000000000000100100
after: x15 = 00000000000000000000000010010000

65648: addi x15, x15, -16
x15 = 144
before: x15 = 144
after: x15 = 128

65652: add x15, x15, x8
x15 = 128
x8 = 805306368
before: x15 = 128
after: x15 = 805306496

65656: lw x14, -20(x8)
x8 = 805306368
before: x14 = 36
after: x14 = 36

65660: sw x14, -172(x15)
x14 = 36
x15 = 805306496

65664: lw x15, -20(x8)
x8 = 805306368
before: x15 = 805306496
after: x15 = 36

65668: addi x15, x15, 1
x15 = 36
before: x15 = 36
after: x15 = 37

65672: sw x15, -20(x8)
x15 = 37
x8 = 805306368

65676: lw x14, -20(x8)
x8 = 805306368
before: x14 = 36
after: x14 = 37

65680: addi x15, x0, 39
x0 = 0
before: x15 = 37
after: x15 = 39

65684: bge x14, x15, -44
x14 = 37
x15 = 39

65640: lw x15, -20(x8)
x8 = 805306368
before: x15 = 39
after: x15 = 37

65644: slli x15, x15, 2
x15 = 00000000000000000000000000100101
before: x15 = 00000000000000000000000000100101
after: x15 = 00000000000000000000000010010100

65648: addi x15, x15, -16
x15 = 148
before: x15 = 148
after: x15 = 132

65652: add x15, x15, x8
x15 = 132
x8 = 805306368
before: x15 = 132
after: x15 = 805306500

65656: lw x14, -20(x8)
x8 = 805306368
before: x14 = 37
after: x14 = 37

65660: sw x14, -172(x15)
x14 = 37
x15 = 805306500

65664: lw x15, -20(x8)
x8 = 805306368
before: x15 = 805306500
after: x15 = 37

65668: addi x15, x15, 1
x15 = 37
before: x15 = 37
after: x15 = 38

65672: sw x15, -20(x8)
x15 = 38
x8 = 805306368

65676: lw x14, -20(x8)
x8 = 805306368
before: x14 = 37
after: x14 = 38

65680: addi x15, x0, 39
x0 = 0
before: x15 = 38
after: x15 = 39

65684: bge x14, x15, -44
x14 = 38
x15 = 39

65640: lw x15, -20(x8)
x8 = 805306368
before: x15 = 39
after: x15 = 38

65644: slli x15, x15, 2
x15 = 00000000000000000000000000100110
before: x15 = 00000000000000000000000000100110
after: x15 = 00000000000000000000000010011000

65648: addi x15, x15, -16
x15 = 152
before: x15 = 152
after: x15 = 136

65652: add x15, x15, x8
x15 = 136
x8 = 805306368
before: x15 = 136
after: x15 = 805306504

65656: lw x14, -20(x8)
x8 = 805306368
before: x14 = 38
after: x14 = 38

65660: sw x14, -172(x15)
x14 = 38
x15 = 805306504

65664: lw x15, -20(x8)
x8 = 805306368
before: x15 = 805306504
after: x15 = 38

65668: addi x15, x15, 1
x15 = 38
before: x15 = 38
after: x15 = 39

65672: sw x15, -20(x8)
x15 = 39
x8 = 805306368

65676: lw x14, -20(x8)
x8 = 805306368
before: x14 = 38
after: x14 = 39

65680: addi x15, x0, 39
x0 = 0
before: x15 = 39
after: x15 = 39

65684: bge x14, x15, -44
x14 = 39
x15 = 39

65640: lw x15, -20(x8)
x8 = 805306368
before: x15 = 39
after: x15 = 39

65644: slli x15, x15, 2
x15 = 00000000000000000000000000100111
before: x15 = 00000000000000000000000000100111
after: x15 = 00000000000000000000000010011100

65648: addi x15, x15, -16
x15 = 156
before: x15 = 156
after: x15 = 140

65652: add x15, x15, x8
x15 = 140
x8 = 805306368
before: x15 = 140
after: x15 = 805306508

65656: lw x14, -20(x8)
x8 = 805306368
before: x14 = 39
after: x14 = 39

65660: sw x14, -172(x15)
x14 = 39
x15 = 805306508

65664: lw x15, -20(x8)
x8 = 805306368
before: x15 = 805306508
after: x15 = 39

65668: addi x15, x15, 1
x15 = 39
before: x15 = 39
after: x15 = 40

65672: sw x15, -20(x8)
x15 = 40
x8 = 805306368

65676: lw x14, -20(x8)
x8 = 805306368
before: x14 = 39
after: x14 = 40

65680: addi x15, x0, 39
x0 = 0
before: x15 = 40
after: x15 = 39

65684: bge x14, x15, -44
x14 = 40
x15 = 39

65688: sw x0, -24(x8)
x0 = 0
x8 = 805306368

65692: sw x0, -28(x8)
x0 = 0
x8 = 805306368

65696: jal x0, 48

65744: lw x14, -28(x8)
x8 = 805306368
before: x14 = 40
after: x14 = 0

65748: addi x15, x0, 39
x0 = 0
before: x15 = 39
after: x15 = 39

65752: bge x14, x15, -52
x14 = 0
x15 = 39

65700: lw x15, -28(x8)
x8 = 805306368
before: x15 = 39
after: x15 = 0

65704: slli x15, x15, 2
x15 = 00000000000000000000000000000000
before: x15 = 00000000000000000000000000000000
after: x15 = 00000000000000000000000000000000

65708: addi x15, x15, -16
x15 = 0
before: x15 = 0
after: x15 = -16

65712: add x15, x15, x8
x15 = 4294967280
x8 = 805306368
before: x15 = -16
after: x15 = 805306352

65716: lw x15, -172(x15)
x15 = 805306352
before: x15 = 805306352
after: x15 = 0

65720: lw x14, -24(x8)
x8 = 805306368
before: x14 = 0
after: x14 = 0

65724: add x15, x14, x15
x14 = 0
x15 = 0
before: x15 = 0
after: x15 = 0

65728: sw x15, -24(x8)
x15 = 0
x8 = 805306368

65732: lw x15, -28(x8)
x8 = 805306368
before: x15 = 0
after: x15 = 0

65736: addi x15, x15, 1
x15 = 0
before: x15 = 0
after: x15 = 1

65740: sw x15, -28(x8)
x15 = 1
x8 = 805306368

65744: lw x14, -28(x8)
x8 = 805306368
before: x14 = 0
after: x14 = 1

65748: addi x15, x0, 39
x0 = 0
before: x15 = 1
after: x15 = 39

65752: bge x14, x15, -52
x14 = 1
x15 = 39

65700: lw x15, -28(x8)
x8 = 805306368
before: x15 = 39
after: x15 = 1

65704: slli x15, x15, 2
x15 = 00000000000000000000000000000001
before: x15 = 00000000000000000000000000000001
after: x15 = 00000000000000000000000000000100

65708: addi x15, x15, -16
x15 = 4
before: x15 = 4
after: x15 = -12

65712: add x15, x15, x8
x15 = 4294967284
x8 = 805306368
before: x15 = -12
after: x15 = 805306356

65716: lw x15, -172(x15)
x15 = 805306356
before: x15 = 805306356
after: x15 = 1

65720: lw x14, -24(x8)
x8 = 805306368
before: x14 = 1
after: x14 = 0

65724: add x15, x14, x15
x14 = 0
x15 = 1
before: x15 = 1
after: x15 = 1

65728: sw x15, -24(x8)
x15 = 1
x8 = 805306368

65732: lw x15, -28(x8)
x8 = 805306368
before: x15 = 1
after: x15 = 1

65736: addi x15, x15, 1
x15 = 1
before: x15 = 1
after: x15 = 2

65740: sw x15, -28(x8)
x15 = 2
x8 = 805306368

65744: lw x14, -28(x8)
x8 = 805306368
before: x14 = 0
after: x14 = 2

65748: addi x15, x0, 39
x0 = 0
before: x15 = 2
after: x15 = 39

65752: bge x14, x15, -52
x14 = 2
x15 = 39

65700: lw x15, -28(x8)
x8 = 805306368
before: x15 = 39
after: x15 = 2

65704: slli x15, x15, 2
x15 = 00000000000000000000000000000010
before: x15 = 00000000000000000000000000000010
after: x15 = 00000000000000000000000000001000

65708: addi x15, x15, -16
x15 = 8
before: x15 = 8
after: x15 = -8

65712: add x15, x15, x8
x15 = 4294967288
x8 = 805306368
before: x15 = -8
after: x15 = 805306360

65716: lw x15, -172(x15)
x15 = 805306360
before: x15 = 805306360
after: x15 = 2

65720: lw x14, -24(x8)
x8 = 805306368
before: x14 = 2
after: x14 = 1

65724: add x15, x14, x15
x14 = 1
x15 = 2
before: x15 = 2
after: x15 = 3

65728: sw x15, -24(x8)
x15 = 3
x8 = 805306368

65732: lw x15, -28(x8)
x8 = 805306368
before: x15 = 3
after: x15 = 2

65736: addi x15, x15, 1
x15 = 2
before: x15 = 2
after: x15 = 3

65740: sw x15, -28(x8)
x15 = 3
x8 = 805306368

65744: lw x14, -28(x8)
x8 = 805306368
before: x14 = 1
after: x14 = 3

65748: addi x15, x0, 39
x0 = 0
before: x15 = 3
after: x15 = 39

65752: bge x14, x15, -52
x14 = 3
x15 = 39

65700: lw x15, -28(x8)
x8 = 805306368
before: x15 = 39
after: x15 = 3

65704: slli x15, x15, 2
x15 = 00000000000000000000000000000011
before: x15 = 00000000000000000000000000000011
after: x15 = 00000000000000000000000000001100

65708: addi x15, x15, -16
x15 = 12
before: x15 = 12
after: x15 = -4

65712: add x15, x15, x8
x15 = 4294967292
x8 = 805306368
before: x15 = -4
after: x15 = 805306364

65716: lw x15, -172(x15)
x15 = 805306364
before: x15 = 805306364
after: x15 = 3

65720: lw x14, -24(x8)
x8 = 805306368
before: x14 = 3
after: x14 = 3

65724: add x15, x14, x15
x14 = 3
x15 = 3
before: x15 = 3
after: x15 = 6

65728: sw x15, -24(x8)
x15 = 6
x8 = 805306368

65732: lw x15, -28(x8)
x8 = 805306368
before: x15 = 6
after: x15 = 3

65736: addi x15, x15, 1
x15 = 3
before: x15 = 3
after: x15 = 4

65740: sw x15, -28(x8)
x15 = 4
x8 = 805306368

65744: lw x14, -28(x8)
x8 = 805306368
before: x14 = 3
after: x14 = 4

65748: addi x15, x0, 39
x0 = 0
before: x15 = 4
after: x15 = 39

65752: bge x14, x15, -52
x14 = 4
x15 = 39

65700: lw x15, -28(x8)
x8 = 805306368
before: x15 = 39
after: x15 = 4

65704: slli x15, x15, 2
x15 = 00000000000000000000000000000100
before: x15 = 00000000000000000000000000000100
after: x15 = 00000000000000000000000000010000

65708: addi x15, x15, -16
x15 = 16
before: x15 = 16
after: x15 = 0

65712: add x15, x15, x8
x15 = 0
x8 = 805306368
before: x15 = 0
after: x15 = 805306368

65716: lw x15, -172(x15)
x15 = 805306368
before: x15 = 805306368
after: x15 = 4

65720: lw x14, -24(x8)
x8 = 805306368
before: x14 = 4
after: x14 = 6

65724: add x15, x14, x15
x14 = 6
x15 = 4
before: x15 = 4
after: x15 = 10

65728: sw x15, -24(x8)
x15 = 10
x8 = 805306368

65732: lw x15, -28(x8)
x8 = 805306368
before: x15 = 10
after: x15 = 4

65736: addi x15, x15, 1
x15 = 4
before: x15 = 4
after: x15 = 5

65740: sw x15, -28(x8)
x15 = 5
x8 = 805306368

65744: lw x14, -28(x8)
x8 = 805306368
before: x14 = 6
after: x14 = 5

65748: addi x15, x0, 39
x0 = 0
before: x15 = 5
after: x15 = 39

65752: bge x14, x15, -52
x14 = 5
x15 = 39

65700: lw x15, -28(x8)
x8 = 805306368
before: x15 = 39
after: x15 = 5

65704: slli x15, x15, 2
x15 = 00000000000000000000000000000101
before: x15 = 00000000000000000000000000000101
after: x15 = 00000000000000000000000000010100

65708: addi x15, x15, -16
x15 = 20
before: x15 = 20
after: x15 = 4

65712: add x15, x15, x8
x15 = 4
x8 = 805306368
before: x15 = 4
after: x15 = 805306372

65716: lw x15, -172(x15)
x15 = 805306372
before: x15 = 805306372
after: x15 = 5

65720: lw x14, -24(x8)
x8 = 805306368
before: x14 = 5
after: x14 = 10

65724: add x15, x14, x15
x14 = 10
x15 = 5
before: x15 = 5
after: x15 = 15

65728: sw x15, -24(x8)
x15 = 15
x8 = 805306368

65732: lw x15, -28(x8)
x8 = 805306368
before: x15 = 15
after: x15 = 5

65736: addi x15, x15, 1
x15 = 5
before: x15 = 5
after: x15 = 6

65740: sw x15, -28(x8)
x15 = 6
x8 = 805306368

65744: lw x14, -28(x8)
x8 = 805306368
before: x14 = 10
after: x14 = 6

65748: addi x15, x0, 39
x0 = 0
before: x15 = 6
after: x15 = 39

65752: bge x14, x15, -52
x14 = 6
x15 = 39

65700: lw x15, -28(x8)
x8 = 805306368
before: x15 = 39
after: x15 = 6

65704: slli x15, x15, 2
x15 = 00000000000000000000000000000110
before: x15 = 00000000000000000000000000000110
after: x15 = 00000000000000000000000000011000

65708: addi x15, x15, -16
x15 = 24
before: x15 = 24
after: x15 = 8

65712: add x15, x15, x8
x15 = 8
x8 = 805306368
before: x15 = 8
after: x15 = 805306376

65716: lw x15, -172(x15)
x15 = 805306376
before: x15 = 805306376
after: x15 = 6

65720: lw x14, -24(x8)
x8 = 805306368
before: x14 = 6
after: x14 = 15

65724: add x15, x14, x15
x14 = 15
x15 = 6
before: x15 = 6
after: x15 = 21

65728: sw x15, -24(x8)
x15 = 21
x8 = 805306368

65732: lw x15, -28(x8)
x8 = 805306368
before: x15 = 21
after: x15 = 6

65736: addi x15, x15, 1
x15 = 6
before: x15 = 6
after: x15 = 7

65740: sw x15, -28(x8)
x15 = 7
x8 = 805306368

65744: lw x14, -28(x8)
x8 = 805306368
before: x14 = 15
after: x14 = 7

65748: addi x15, x0, 39
x0 = 0
before: x15 = 7
after: x15 = 39

65752: bge x14, x15, -52
x14 = 7
x15 = 39

65700: lw x15, -28(x8)
x8 = 805306368
before: x15 = 39
after: x15 = 7

65704: slli x15, x15, 2
x15 = 00000000000000000000000000000111
before: x15 = 00000000000000000000000000000111
after: x15 = 00000000000000000000000000011100

65708: addi x15, x15, -16
x15 = 28
before: x15 = 28
after: x15 = 12

65712: add x15, x15, x8
x15 = 12
x8 = 805306368
before: x15 = 12
after: x15 = 805306380

65716: lw x15, -172(x15)
x15 = 805306380
before: x15 = 805306380
after: x15 = 7

65720: lw x14, -24(x8)
x8 = 805306368
before: x14 = 7
after: x14 = 21

65724: add x15, x14, x15
x14 = 21
x15 = 7
before: x15 = 7
after: x15 = 28

65728: sw x15, -24(x8)
x15 = 28
x8 = 805306368

65732: lw x15, -28(x8)
x8 = 805306368
before: x15 = 28
after: x15 = 7

65736: addi x15, x15, 1
x15 = 7
before: x15 = 7
after: x15 = 8

65740: sw x15, -28(x8)
x15 = 8
x8 = 805306368

65744: lw x14, -28(x8)
x8 = 805306368
before: x14 = 21
after: x14 = 8

65748: addi x15, x0, 39
x0 = 0
before: x15 = 8
after: x15 = 39

65752: bge x14, x15, -52
x14 = 8
x15 = 39

65700: lw x15, -28(x8)
x8 = 805306368
before: x15 = 39
after: x15 = 8

65704: slli x15, x15, 2
x15 = 00000000000000000000000000001000
before: x15 = 00000000000000000000000000001000
after: x15 = 00000000000000000000000000100000

65708: addi x15, x15, -16
x15 = 32
before: x15 = 32
after: x15 = 16

65712: add x15, x15, x8
x15 = 16
x8 = 805306368
before: x15 = 16
after: x15 = 805306384

65716: lw x15, -172(x15)
x15 = 805306384
before: x15 = 805306384
after: x15 = 8

65720: lw x14, -24(x8)
x8 = 805306368
before: x14 = 8
after: x14 = 28

65724: add x15, x14, x15
x14 = 28
x15 = 8
before: x15 = 8
after: x15 = 36

65728: sw x15, -24(x8)
x15 = 36
x8 = 805306368

65732: lw x15, -28(x8)
x8 = 805306368
before: x15 = 36
after: x15 = 8

65736: addi x15, x15, 1
x15 = 8
before: x15 = 8
after: x15 = 9

65740: sw x15, -28(x8)
x15 = 9
x8 = 805306368

65744: lw x14, -28(x8)
x8 = 805306368
before: x14 = 28
after: x14 = 9

65748: addi x15, x0, 39
x0 = 0
before: x15 = 9
after: x15 = 39

65752: bge x14, x15, -52
x14 = 9
x15 = 39

65700: lw x15, -28(x8)
x8 = 805306368
before: x15 = 39
after: x15 = 9

65704: slli x15, x15, 2
x15 = 00000000000000000000000000001001
before: x15 = 00000000000000000000000000001001
after: x15 = 00000000000000000000000000100100

65708: addi x15, x15, -16
x15 = 36
before: x15 = 36
after: x15 = 20

65712: add x15, x15, x8
x15 = 20
x8 = 805306368
before: x15 = 20
after: x15 = 805306388

65716: lw x15, -172(x15)
x15 = 805306388
before: x15 = 805306388
after: x15 = 9

65720: lw x14, -24(x8)
x8 = 805306368
before: x14 = 9
after: x14 = 36

65724: add x15, x14, x15
x14 = 36
x15 = 9
before: x15 = 9
after: x15 = 45

65728: sw x15, -24(x8)
x15 = 45
x8 = 805306368

65732: lw x15, -28(x8)
x8 = 805306368
before: x15 = 45
after: x15 = 9

65736: addi x15, x15, 1
x15 = 9
before: x15 = 9
after: x15 = 10

65740: sw x15, -28(x8)
x15 = 10
x8 = 805306368

65744: lw x14, -28(x8)
x8 = 805306368
before: x14 = 36
after: x14 = 10

65748: addi x15, x0, 39
x0 = 0
before: x15 = 10
after: x15 = 39

65752: bge x14, x15, -52
x14 = 10
x15 = 39

65700: lw x15, -28(x8)
x8 = 805306368
before: x15 = 39
after: x15 = 10

65704: slli x15, x15, 2
x15 = 00000000000000000000000000001010
before: x15 = 00000000000000000000000000001010
after: x15 = 00000000000000000000000000101000

65708: addi x15, x15, -16
x15 = 40
before: x15 = 40
after: x15 = 24

65712: add x15, x15, x8
x15 = 24
x8 = 805306368
before: x15 = 24
after: x15 = 805306392

65716: lw x15, -172(x15)
x15 = 805306392
before: x15 = 805306392
after: x15 = 10

65720: lw x14, -24(x8)
x8 = 805306368
before: x14 = 10
after: x14 = 45

65724: add x15, x14, x15
x14 = 45
x15 = 10
before: x15 = 10
after: x15 = 55

65728: sw x15, -24(x8)
x15 = 55
x8 = 805306368

65732: lw x15, -28(x8)
x8 = 805306368
before: x15 = 55
after: x15 = 10

65736: addi x15, x15, 1
x15 = 10
before: x15 = 10
after: x15 = 11

65740: sw x15, -28(x8)
x15 = 11
x8 = 805306368

65744: lw x14, -28(x8)
x8 = 805306368
before: x14 = 45
after: x14 = 11

65748: addi x15, x0, 39
x0 = 0
before: x15 = 11
after: x15 = 39

65752: bge x14, x15, -52
x14 = 11
x15 = 39

65700: lw x15, -28(x8)
x8 = 805306368
before: x15 = 39
after: x15 = 11

65704: slli x15, x15, 2
x15 = 00000000000000000000000000001011
before: x15 = 00000000000000000000000000001011
after: x15 = 00000000000000000000000000101100

65708: addi x15, x15, -16
x15 = 44
before: x15 = 44
after: x15 = 28

65712: add x15, x15, x8
x15 = 28
x8 = 805306368
before: x15 = 28
after: x15 = 805306396

65716: lw x15, -172(x15)
x15 = 805306396
before: x15 = 805306396
after: x15 = 11

65720: lw x14, -24(x8)
x8 = 805306368
before: x14 = 11
after: x14 = 55

65724: add x15, x14, x15
x14 = 55
x15 = 11
before: x15 = 11
after: x15 = 66

65728: sw x15, -24(x8)
x15 = 66
x8 = 805306368

65732: lw x15, -28(x8)
x8 = 805306368
before: x15 = 66
after: x15 = 11

65736: addi x15, x15, 1
x15 = 11
before: x15 = 11
after: x15 = 12

65740: sw x15, -28(x8)
x15 = 12
x8 = 805306368

65744: lw x14, -28(x8)
x8 = 805306368
before: x14 = 55
after: x14 = 12

65748: addi x15, x0, 39
x0 = 0
before: x15 = 12
after: x15 = 39

65752: bge x14, x15, -52
x14 = 12
x15 = 39

65700: lw x15, -28(x8)
x8 = 805306368
before: x15 = 39
after: x15 = 12

65704: slli x15, x15, 2
x15 = 00000000000000000000000000001100
before: x15 = 00000000000000000000000000001100
after: x15 = 00000000000000000000000000110000

65708: addi x15, x15, -16
x15 = 48
before: x15 = 48
after: x15 = 32

65712: add x15, x15, x8
x15 = 32
x8 = 805306368
before: x15 = 32
after: x15 = 805306400

65716: lw x15, -172(x15)
x15 = 805306400
before: x15 = 805306400
after: x15 = 12

65720: lw x14, -24(x8)
x8 = 805306368
before: x14 = 12
after: x14 = 66

65724: add x15, x14, x15
x14 = 66
x15 = 12
before: x15 = 12
after: x15 = 78

65728: sw x15, -24(x8)
x15 = 78
x8 = 805306368

65732: lw x15, -28(x8)
x8 = 805306368
before: x15 = 78
after: x15 = 12

65736: addi x15, x15, 1
x15 = 12
before: x15 = 12
after: x15 = 13

65740: sw x15, -28(x8)
x15 = 13
x8 = 805306368

65744: lw x14, -28(x8)
x8 = 805306368
before: x14 = 66
after: x14 = 13

65748: addi x15, x0, 39
x0 = 0
before: x15 = 13
after: x15 = 39

65752: bge x14, x15, -52
x14 = 13
x15 = 39

65700: lw x15, -28(x8)
x8 = 805306368
before: x15 = 39
after: x15 = 13

65704: slli x15, x15, 2
x15 = 00000000000000000000000000001101
before: x15 = 00000000000000000000000000001101
after: x15 = 00000000000000000000000000110100

65708: addi x15, x15, -16
x15 = 52
before: x15 = 52
after: x15 = 36

65712: add x15, x15, x8
x15 = 36
x8 = 805306368
before: x15 = 36
after: x15 = 805306404

65716: lw x15, -172(x15)
x15 = 805306404
before: x15 = 805306404
after: x15 = 13

65720: lw x14, -24(x8)
x8 = 805306368
before: x14 = 13
after: x14 = 78

65724: add x15, x14, x15
x14 = 78
x15 = 13
before: x15 = 13
after: x15 = 91

65728: sw x15, -24(x8)
x15 = 91
x8 = 805306368

65732: lw x15, -28(x8)
x8 = 805306368
before: x15 = 91
after: x15 = 13

65736: addi x15, x15, 1
x15 = 13
before: x15 = 13
after: x15 = 14

65740: sw x15, -28(x8)
x15 = 14
x8 = 805306368

65744: lw x14, -28(x8)
x8 = 805306368
before: x14 = 78
after: x14 = 14

65748: addi x15, x0, 39
x0 = 0
before: x15 = 14
after: x15 = 39

65752: bge x14, x15, -52
x14 = 14
x15 = 39

65700: lw x15, -28(x8)
x8 = 805306368
before: x15 = 39
after: x15 = 14

65704: slli x15, x15, 2
x15 = 00000000000000000000000000001110
before: x15 = 00000000000000000000000000001110
after: x15 = 00000000000000000000000000111000

65708: addi x15, x15, -16
x15 = 56
before: x15 = 56
after: x15 = 40

65712: add x15, x15, x8
x15 = 40
x8 = 805306368
before: x15 = 40
after: x15 = 805306408

65716: lw x15, -172(x15)
x15 = 805306408
before: x15 = 805306408
after: x15 = 14

65720: lw x14, -24(x8)
x8 = 805306368
before: x14 = 14
after: x14 = 91

65724: add x15, x14, x15
x14 = 91
x15 = 14
before: x15 = 14
after: x15 = 105

65728: sw x15, -24(x8)
x15 = 105
x8 = 805306368

65732: lw x15, -28(x8)
x8 = 805306368
before: x15 = 105
after: x15 = 14

65736: addi x15, x15, 1
x15 = 14
before: x15 = 14
after: x15 = 15

65740: sw x15, -28(x8)
x15 = 15
x8 = 805306368

65744: lw x14, -28(x8)
x8 = 805306368
before: x14 = 91
after: x14 = 15

65748: addi x15, x0, 39
x0 = 0
before: x15 = 15
after: x15 = 39

65752: bge x14, x15, -52
x14 = 15
x15 = 39

65700: lw x15, -28(x8)
x8 = 805306368
before: x15 = 39
after: x15 = 15

65704: slli x15, x15, 2
x15 = 00000000000000000000000000001111
before: x15 = 00000000000000000000000000001111
after: x15 = 00000000000000000000000000111100

65708: addi x15, x15, -16
x15 = 60
before: x15 = 60
after: x15 = 44

65712: add x15, x15, x8
x15 = 44
x8 = 805306368
before: x15 = 44
after: x15 = 805306412

65716: lw x15, -172(x15)
x15 = 805306412
before: x15 = 805306412
after: x15 = 15

65720: lw x14, -24(x8)
x8 = 805306368
before: x14 = 15
after: x14 = 105

65724: add x15, x14, x15
x14 = 105
x15 = 15
before: x15 = 15
after: x15 = 120

65728: sw x15, -24(x8)
x15 = 120
x8 = 805306368

65732: lw x15, -28(x8)
x8 = 805306368
before: x15 = 120
after: x15 = 15

65736: addi x15, x15, 1
x15 = 15
before: x15 = 15
after: x15 = 16

65740: sw x15, -28(x8)
x15 = 16
x8 = 805306368

65744: lw x14, -28(x8)
x8 = 805306368
before: x14 = 105
after: x14 = 16

65748: addi x15, x0, 39
x0 = 0
before: x15 = 16
after: x15 = 39

65752: bge x14, x15, -52
x14 = 16
x15 = 39

65700: lw x15, -28(x8)
x8 = 805306368
before: x15 = 39
after: x15 = 16

65704: slli x15, x15, 2
x15 = 00000000000000000000000000010000
before: x15 = 00000000000000000000000000010000
after: x15 = 00000000000000000000000001000000

65708: addi x15, x15, -16
x15 = 64
before: x15 = 64
after: x15 = 48

65712: add x15, x15, x8
x15 = 48
x8 = 805306368
before: x15 = 48
after: x15 = 805306416

65716: lw x15, -172(x15)
x15 = 805306416
before: x15 = 805306416
after: x15 = 16

65720: lw x14, -24(x8)
x8 = 805306368
before: x14 = 16
after: x14 = 120

65724: add x15, x14, x15
x14 = 120
x15 = 16
before: x15 = 16
after: x15 = 136

65728: sw x15, -24(x8)
x15 = 136
x8 = 805306368

65732: lw x15, -28(x8)
x8 = 805306368
before: x15 = 136
after: x15 = 16

65736: addi x15, x15, 1
x15 = 16
before: x15 = 16
after: x15 = 17

65740: sw x15, -28(x8)
x15 = 17
x8 = 805306368

65744: lw x14, -28(x8)
x8 = 805306368
before: x14 = 120
after: x14 = 17

65748: addi x15, x0, 39
x0 = 0
before: x15 = 17
after: x15 = 39

65752: bge x14, x15, -52
x14 = 17
x15 = 39

65700: lw x15, -28(x8)
x8 = 805306368
before: x15 = 39
after: x15 = 17

65704: slli x15, x15, 2
x15 = 00000000000000000000000000010001
before: x15 = 00000000000000000000000000010001
after: x15 = 00000000000000000000000001000100

65708: addi x15, x15, -16
x15 = 68
before: x15 = 68
after: x15 = 52

65712: add x15, x15, x8
x15 = 52
x8 = 805306368
before: x15 = 52
after: x15 = 805306420

65716: lw x15, -172(x15)
x15 = 805306420
before: x15 = 805306420
after: x15 = 17

65720: lw x14, -24(x8)
x8 = 805306368
before: x14 = 17
after: x14 = 136

65724: add x15, x14, x15
x14 = 136
x15 = 17
before: x15 = 17
after: x15 = 153

65728: sw x15, -24(x8)
x15 = 153
x8 = 805306368

65732: lw x15, -28(x8)
x8 = 805306368
before: x15 = 153
after: x15 = 17

65736: addi x15, x15, 1
x15 = 17
before: x15 = 17
after: x15 = 18

65740: sw x15, -28(x8)
x15 = 18
x8 = 805306368

65744: lw x14, -28(x8)
x8 = 805306368
before: x14 = 136
after: x14 = 18

65748: addi x15, x0, 39
x0 = 0
before: x15 = 18
after: x15 = 39

65752: bge x14, x15, -52
x14 = 18
x15 = 39

65700: lw x15, -28(x8)
x8 = 805306368
before: x15 = 39
after: x15 = 18

65704: slli x15, x15, 2
x15 = 00000000000000000000000000010010
before: x15 = 00000000000000000000000000010010
after: x15 = 00000000000000000000000001001000

65708: addi x15, x15, -16
x15 = 72
before: x15 = 72
after: x15 = 56

65712: add x15, x15, x8
x15 = 56
x8 = 805306368
before: x15 = 56
after: x15 = 805306424

65716: lw x15, -172(x15)
x15 = 805306424
before: x15 = 805306424
after: x15 = 18

65720: lw x14, -24(x8)
x8 = 805306368
before: x14 = 18
after: x14 = 153

65724: add x15, x14, x15
x14 = 153
x15 = 18
before: x15 = 18
after: x15 = 171

65728: sw x15, -24(x8)
x15 = 171
x8 = 805306368

65732: lw x15, -28(x8)
x8 = 805306368
before: x15 = 171
after: x15 = 18

65736: addi x15, x15, 1
x15 = 18
before: x15 = 18
after: x15 = 19

65740: sw x15, -28(x8)
x15 = 19
x8 = 805306368

65744: lw x14, -28(x8)
x8 = 805306368
before: x14 = 153
after: x14 = 19

65748: addi x15, x0, 39
x0 = 0
before: x15 = 19
after: x15 = 39

65752: bge x14, x15, -52
x14 = 19
x15 = 39

65700: lw x15, -28(x8)
x8 = 805306368
before: x15 = 39
after: x15 = 19

65704: slli x15, x15, 2
x15 = 00000000000000000000000000010011
before: x15 = 00000000000000000000000000010011
after: x15 = 00000000000000000000000001001100

65708: addi x15, x15, -16
x15 = 76
before: x15 = 76
after: x15 = 60

65712: add x15, x15, x8
x15 = 60
x8 = 805306368
before: x15 = 60
after: x15 = 805306428

65716: lw x15, -172(x15)
x15 = 805306428
before: x15 = 805306428
after: x15 = 19

65720: lw x14, -24(x8)
x8 = 805306368
before: x14 = 19
after: x14 = 171

65724: add x15, x14, x15
x14 = 171
x15 = 19
before: x15 = 19
after: x15 = 190

65728: sw x15, -24(x8)
x15 = 190
x8 = 805306368

65732: lw x15, -28(x8)
x8 = 805306368
before: x15 = 190
after: x15 = 19

65736: addi x15, x15, 1
x15 = 19
before: x15 = 19
after: x15 = 20

65740: sw x15, -28(x8)
x15 = 20
x8 = 805306368

65744: lw x14, -28(x8)
x8 = 805306368
before: x14 = 171
after: x14 = 20

65748: addi x15, x0, 39
x0 = 0
before: x15 = 20
after: x15 = 39

65752: bge x14, x15, -52
x14 = 20
x15 = 39

65700: lw x15, -28(x8)
x8 = 805306368
before: x15 = 39
after: x15 = 20

65704: slli x15, x15, 2
x15 = 00000000000000000000000000010100
before: x15 = 00000000000000000000000000010100
after: x15 = 00000000000000000000000001010000

65708: addi x15, x15, -16
x15 = 80
before: x15 = 80
after: x15 = 64

65712: add x15, x15, x8
x15 = 64
x8 = 805306368
before: x15 = 64
after: x15 = 805306432

65716: lw x15, -172(x15)
x15 = 805306432
before: x15 = 805306432
after: x15 = 20

65720: lw x14, -24(x8)
x8 = 805306368
before: x14 = 20
after: x14 = 190

65724: add x15, x14, x15
x14 = 190
x15 = 20
before: x15 = 20
after: x15 = 210

65728: sw x15, -24(x8)
x15 = 210
x8 = 805306368

65732: lw x15, -28(x8)
x8 = 805306368
before: x15 = 210
after: x15 = 20

65736: addi x15, x15, 1
x15 = 20
before: x15 = 20
after: x15 = 21

65740: sw x15, -28(x8)
x15 = 21
x8 = 805306368

65744: lw x14, -28(x8)
x8 = 805306368
before: x14 = 190
after: x14 = 21

65748: addi x15, x0, 39
x0 = 0
before: x15 = 21
after: x15 = 39

65752: bge x14, x15, -52
x14 = 21
x15 = 39

65700: lw x15, -28(x8)
x8 = 805306368
before: x15 = 39
after: x15 = 21

65704: slli x15, x15, 2
x15 = 00000000000000000000000000010101
before: x15 = 00000000000000000000000000010101
after: x15 = 00000000000000000000000001010100

65708: addi x15, x15, -16
x15 = 84
before: x15 = 84
after: x15 = 68

65712: add x15, x15, x8
x15 = 68
x8 = 805306368
before: x15 = 68
after: x15 = 805306436

65716: lw x15, -172(x15)
x15 = 805306436
before: x15 = 805306436
after: x15 = 21

65720: lw x14, -24(x8)
x8 = 805306368
before: x14 = 21
after: x14 = 210

65724: add x15, x14, x15
x14 = 210
x15 = 21
before: x15 = 21
after: x15 = 231

65728: sw x15, -24(x8)
x15 = 231
x8 = 805306368

65732: lw x15, -28(x8)
x8 = 805306368
before: x15 = 231
after: x15 = 21

65736: addi x15, x15, 1
x15 = 21
before: x15 = 21
after: x15 = 22

65740: sw x15, -28(x8)
x15 = 22
x8 = 805306368

65744: lw x14, -28(x8)
x8 = 805306368
before: x14 = 210
after: x14 = 22

65748: addi x15, x0, 39
x0 = 0
before: x15 = 22
after: x15 = 39

65752: bge x14, x15, -52
x14 = 22
x15 = 39

65700: lw x15, -28(x8)
x8 = 805306368
before: x15 = 39
after: x15 = 22

65704: slli x15, x15, 2
x15 = 00000000000000000000000000010110
before: x15 = 00000000000000000000000000010110
after: x15 = 00000000000000000000000001011000

65708: addi x15, x15, -16
x15 = 88
before: x15 = 88
after: x15 = 72

65712: add x15, x15, x8
x15 = 72
x8 = 805306368
before: x15 = 72
after: x15 = 805306440

65716: lw x15, -172(x15)
x15 = 805306440
before: x15 = 805306440
after: x15 = 22

65720: lw x14, -24(x8)
x8 = 805306368
before: x14 = 22
after: x14 = 231

65724: add x15, x14, x15
x14 = 231
x15 = 22
before: x15 = 22
after: x15 = 253

65728: sw x15, -24(x8)
x15 = 253
x8 = 805306368

65732: lw x15, -28(x8)
x8 = 805306368
before: x15 = 253
after: x15 = 22

65736: addi x15, x15, 1
x15 = 22
before: x15 = 22
after: x15 = 23

65740: sw x15, -28(x8)
x15 = 23
x8 = 805306368

65744: lw x14, -28(x8)
x8 = 805306368
before: x14 = 231
after: x14 = 23

65748: addi x15, x0, 39
x0 = 0
before: x15 = 23
after: x15 = 39

65752: bge x14, x15, -52
x14 = 23
x15 = 39

65700: lw x15, -28(x8)
x8 = 805306368
before: x15 = 39
after: x15 = 23

65704: slli x15, x15, 2
x15 = 00000000000000000000000000010111
before: x15 = 00000000000000000000000000010111
after: x15 = 00000000000000000000000001011100

65708: addi x15, x15, -16
x15 = 92
before: x15 = 92
after: x15 = 76

65712: add x15, x15, x8
x15 = 76
x8 = 805306368
before: x15 = 76
after: x15 = 805306444

65716: lw x15, -172(x15)
x15 = 805306444
before: x15 = 805306444
after: x15 = 23

65720: lw x14, -24(x8)
x8 = 805306368
before: x14 = 23
after: x14 = 253

65724: add x15, x14, x15
x14 = 253
x15 = 23
before: x15 = 23
after: x15 = 276

65728: sw x15, -24(x8)
x15 = 276
x8 = 805306368

65732: lw x15, -28(x8)
x8 = 805306368
before: x15 = 276
after: x15 = 23

65736: addi x15, x15, 1
x15 = 23
before: x15 = 23
after: x15 = 24

65740: sw x15, -28(x8)
x15 = 24
x8 = 805306368

65744: lw x14, -28(x8)
x8 = 805306368
before: x14 = 253
after: x14 = 24

65748: addi x15, x0, 39
x0 = 0
before: x15 = 24
after: x15 = 39

65752: bge x14, x15, -52
x14 = 24
x15 = 39

65700: lw x15, -28(x8)
x8 = 805306368
before: x15 = 39
after: x15 = 24

65704: slli x15, x15, 2
x15 = 00000000000000000000000000011000
before: x15 = 00000000000000000000000000011000
after: x15 = 00000000000000000000000001100000

65708: addi x15, x15, -16
x15 = 96
before: x15 = 96
after: x15 = 80

65712: add x15, x15, x8
x15 = 80
x8 = 805306368
before: x15 = 80
after: x15 = 805306448

65716: lw x15, -172(x15)
x15 = 805306448
before: x15 = 805306448
after: x15 = 24

65720: lw x14, -24(x8)
x8 = 805306368
before: x14 = 24
after: x14 = 276

65724: add x15, x14, x15
x14 = 276
x15 = 24
before: x15 = 24
after: x15 = 300

65728: sw x15, -24(x8)
x15 = 300
x8 = 805306368

65732: lw x15, -28(x8)
x8 = 805306368
before: x15 = 300
after: x15 = 24

65736: addi x15, x15, 1
x15 = 24
before: x15 = 24
after: x15 = 25

65740: sw x15, -28(x8)
x15 = 25
x8 = 805306368

65744: lw x14, -28(x8)
x8 = 805306368
before: x14 = 276
after: x14 = 25

65748: addi x15, x0, 39
x0 = 0
before: x15 = 25
after: x15 = 39

65752: bge x14, x15, -52
x14 = 25
x15 = 39

65700: lw x15, -28(x8)
x8 = 805306368
before: x15 = 39
after: x15 = 25

65704: slli x15, x15, 2
x15 = 00000000000000000000000000011001
before: x15 = 00000000000000000000000000011001
after: x15 = 00000000000000000000000001100100

65708: addi x15, x15, -16
x15 = 100
before: x15 = 100
after: x15 = 84

65712: add x15, x15, x8
x15 = 84
x8 = 805306368
before: x15 = 84
after: x15 = 805306452

65716: lw x15, -172(x15)
x15 = 805306452
before: x15 = 805306452
after: x15 = 25

65720: lw x14, -24(x8)
x8 = 805306368
before: x14 = 25
after: x14 = 300

65724: add x15, x14, x15
x14 = 300
x15 = 25
before: x15 = 25
after: x15 = 325

65728: sw x15, -24(x8)
x15 = 325
x8 = 805306368

65732: lw x15, -28(x8)
x8 = 805306368
before: x15 = 325
after: x15 = 25

65736: addi x15, x15, 1
x15 = 25
before: x15 = 25
after: x15 = 26

65740: sw x15, -28(x8)
x15 = 26
x8 = 805306368

65744: lw x14, -28(x8)
x8 = 805306368
before: x14 = 300
after: x14 = 26

65748: addi x15, x0, 39
x0 = 0
before: x15 = 26
after: x15 = 39

65752: bge x14, x15, -52
x14 = 26
x15 = 39

65700: lw x15, -28(x8)
x8 = 805306368
before: x15 = 39
after: x15 = 26

65704: slli x15, x15, 2
x15 = 00000000000000000000000000011010
before: x15 = 00000000000000000000000000011010
after: x15 = 00000000000000000000000001101000

65708: addi x15, x15, -16
x15 = 104
before: x15 = 104
after: x15 = 88

65712: add x15, x15, x8
x15 = 88
x8 = 805306368
before: x15 = 88
after: x15 = 805306456

65716: lw x15, -172(x15)
x15 = 805306456
before: x15 = 805306456
after: x15 = 26

65720: lw x14, -24(x8)
x8 = 805306368
before: x14 = 26
after: x14 = 325

65724: add x15, x14, x15
x14 = 325
x15 = 26
before: x15 = 26
after: x15 = 351

65728: sw x15, -24(x8)
x15 = 351
x8 = 805306368

65732: lw x15, -28(x8)
x8 = 805306368
before: x15 = 351
after: x15 = 26

65736: addi x15, x15, 1
x15 = 26
before: x15 = 26
after: x15 = 27

65740: sw x15, -28(x8)
x15 = 27
x8 = 805306368

65744: lw x14, -28(x8)
x8 = 805306368
before: x14 = 325
after: x14 = 27

65748: addi x15, x0, 39
x0 = 0
before: x15 = 27
after: x15 = 39

65752: bge x14, x15, -52
x14 = 27
x15 = 39

65700: lw x15, -28(x8)
x8 = 805306368
before: x15 = 39
after: x15 = 27

65704: slli x15, x15, 2
x15 = 00000000000000000000000000011011
before: x15 = 00000000000000000000000000011011
after: x15 = 00000000000000000000000001101100

65708: addi x15, x15, -16
x15 = 108
before: x15 = 108
after: x15 = 92

65712: add x15, x15, x8
x15 = 92
x8 = 805306368
before: x15 = 92
after: x15 = 805306460

65716: lw x15, -172(x15)
x15 = 805306460
before: x15 = 805306460
after: x15 = 27

65720: lw x14, -24(x8)
x8 = 805306368
before: x14 = 27
after: x14 = 351

65724: add x15, x14, x15
x14 = 351
x15 = 27
before: x15 = 27
after: x15 = 378

65728: sw x15, -24(x8)
x15 = 378
x8 = 805306368

65732: lw x15, -28(x8)
x8 = 805306368
before: x15 = 378
after: x15 = 27

65736: addi x15, x15, 1
x15 = 27
before: x15 = 27
after: x15 = 28

65740: sw x15, -28(x8)
x15 = 28
x8 = 805306368

65744: lw x14, -28(x8)
x8 = 805306368
before: x14 = 351
after: x14 = 28

65748: addi x15, x0, 39
x0 = 0
before: x15 = 28
after: x15 = 39

65752: bge x14, x15, -52
x14 = 28
x15 = 39

65700: lw x15, -28(x8)
x8 = 805306368
before: x15 = 39
after: x15 = 28

65704: slli x15, x15, 2
x15 = 00000000000000000000000000011100
before: x15 = 00000000000000000000000000011100
after: x15 = 00000000000000000000000001110000

65708: addi x15, x15, -16
x15 = 112
before: x15 = 112
after: x15 = 96

65712: add x15, x15, x8
x15 = 96
x8 = 805306368
before: x15 = 96
after: x15 = 805306464

65716: lw x15, -172(x15)
x15 = 805306464
before: x15 = 805306464
after: x15 = 28

65720: lw x14, -24(x8)
x8 = 805306368
before: x14 = 28
after: x14 = 378

65724: add x15, x14, x15
x14 = 378
x15 = 28
before: x15 = 28
after: x15 = 406

65728: sw x15, -24(x8)
x15 = 406
x8 = 805306368

65732: lw x15, -28(x8)
x8 = 805306368
before: x15 = 406
after: x15 = 28

65736: addi x15, x15, 1
x15 = 28
before: x15 = 28
after: x15 = 29

65740: sw x15, -28(x8)
x15 = 29
x8 = 805306368

65744: lw x14, -28(x8)
x8 = 805306368
before: x14 = 378
after: x14 = 29

65748: addi x15, x0, 39
x0 = 0
before: x15 = 29
after: x15 = 39

65752: bge x14, x15, -52
x14 = 29
x15 = 39

65700: lw x15, -28(x8)
x8 = 805306368
before: x15 = 39
after: x15 = 29

65704: slli x15, x15, 2
x15 = 00000000000000000000000000011101
before: x15 = 00000000000000000000000000011101
after: x15 = 00000000000000000000000001110100

65708: addi x15, x15, -16
x15 = 116
before: x15 = 116
after: x15 = 100

65712: add x15, x15, x8
x15 = 100
x8 = 805306368
before: x15 = 100
after: x15 = 805306468

65716: lw x15, -172(x15)
x15 = 805306468
before: x15 = 805306468
after: x15 = 29

65720: lw x14, -24(x8)
x8 = 805306368
before: x14 = 29
after: x14 = 406

65724: add x15, x14, x15
x14 = 406
x15 = 29
before: x15 = 29
after: x15 = 435

65728: sw x15, -24(x8)
x15 = 435
x8 = 805306368

65732: lw x15, -28(x8)
x8 = 805306368
before: x15 = 435
after: x15 = 29

65736: addi x15, x15, 1
x15 = 29
before: x15 = 29
after: x15 = 30

65740: sw x15, -28(x8)
x15 = 30
x8 = 805306368

65744: lw x14, -28(x8)
x8 = 805306368
before: x14 = 406
after: x14 = 30

65748: addi x15, x0, 39
x0 = 0
before: x15 = 30
after: x15 = 39

65752: bge x14, x15, -52
x14 = 30
x15 = 39

65700: lw x15, -28(x8)
x8 = 805306368
before: x15 = 39
after: x15 = 30

65704: slli x15, x15, 2
x15 = 00000000000000000000000000011110
before: x15 = 00000000000000000000000000011110
after: x15 = 00000000000000000000000001111000

65708: addi x15, x15, -16
x15 = 120
before: x15 = 120
after: x15 = 104

65712: add x15, x15, x8
x15 = 104
x8 = 805306368
before: x15 = 104
after: x15 = 805306472

65716: lw x15, -172(x15)
x15 = 805306472
before: x15 = 805306472
after: x15 = 30

65720: lw x14, -24(x8)
x8 = 805306368
before: x14 = 30
after: x14 = 435

65724: add x15, x14, x15
x14 = 435
x15 = 30
before: x15 = 30
after: x15 = 465

65728: sw x15, -24(x8)
x15 = 465
x8 = 805306368

65732: lw x15, -28(x8)
x8 = 805306368
before: x15 = 465
after: x15 = 30

65736: addi x15, x15, 1
x15 = 30
before: x15 = 30
after: x15 = 31

65740: sw x15, -28(x8)
x15 = 31
x8 = 805306368

65744: lw x14, -28(x8)
x8 = 805306368
before: x14 = 435
after: x14 = 31

65748: addi x15, x0, 39
x0 = 0
before: x15 = 31
after: x15 = 39

65752: bge x14, x15, -52
x14 = 31
x15 = 39

65700: lw x15, -28(x8)
x8 = 805306368
before: x15 = 39
after: x15 = 31

65704: slli x15, x15, 2
x15 = 00000000000000000000000000011111
before: x15 = 00000000000000000000000000011111
after: x15 = 00000000000000000000000001111100

65708: addi x15, x15, -16
x15 = 124
before: x15 = 124
after: x15 = 108

65712: add x15, x15, x8
x15 = 108
x8 = 805306368
before: x15 = 108
after: x15 = 805306476

65716: lw x15, -172(x15)
x15 = 805306476
before: x15 = 805306476
after: x15 = 31

65720: lw x14, -24(x8)
x8 = 805306368
before: x14 = 31
after: x14 = 465

65724: add x15, x14, x15
x14 = 465
x15 = 31
before: x15 = 31
after: x15 = 496

65728: sw x15, -24(x8)
x15 = 496
x8 = 805306368

65732: lw x15, -28(x8)
x8 = 805306368
before: x15 = 496
after: x15 = 31

65736: addi x15, x15, 1
x15 = 31
before: x15 = 31
after: x15 = 32

65740: sw x15, -28(x8)
x15 = 32
x8 = 805306368

65744: lw x14, -28(x8)
x8 = 805306368
before: x14 = 465
after: x14 = 32

65748: addi x15, x0, 39
x0 = 0
before: x15 = 32
after: x15 = 39

65752: bge x14, x15, -52
x14 = 32
x15 = 39

65700: lw x15, -28(x8)
x8 = 805306368
before: x15 = 39
after: x15 = 32

65704: slli x15, x15, 2
x15 = 00000000000000000000000000100000
before: x15 = 00000000000000000000000000100000
after: x15 = 00000000000000000000000010000000

65708: addi x15, x15, -16
x15 = 128
before: x15 = 128
after: x15 = 112

65712: add x15, x15, x8
x15 = 112
x8 = 805306368
before: x15 = 112
after: x15 = 805306480

65716: lw x15, -172(x15)
x15 = 805306480
before: x15 = 805306480
after: x15 = 32

65720: lw x14, -24(x8)
x8 = 805306368
before: x14 = 32
after: x14 = 496

65724: add x15, x14, x15
x14 = 496
x15 = 32
before: x15 = 32
after: x15 = 528

65728: sw x15, -24(x8)
x15 = 528
x8 = 805306368

65732: lw x15, -28(x8)
x8 = 805306368
before: x15 = 528
after: x15 = 32

65736: addi x15, x15, 1
x15 = 32
before: x15 = 32
after: x15 = 33

65740: sw x15, -28(x8)
x15 = 33
x8 = 805306368

65744: lw x14, -28(x8)
x8 = 805306368
before: x14 = 496
after: x14 = 33

65748: addi x15, x0, 39
x0 = 0
before: x15 = 33
after: x15 = 39

65752: bge x14, x15, -52
x14 = 33
x15 = 39

65700: lw x15, -28(x8)
x8 = 805306368
before: x15 = 39
after: x15 = 33

65704: slli x15, x15, 2
x15 = 00000000000000000000000000100001
before: x15 = 00000000000000000000000000100001
after: x15 = 00000000000000000000000010000100

65708: addi x15, x15, -16
x15 = 132
before: x15 = 132
after: x15 = 116

65712: add x15, x15, x8
x15 = 116
x8 = 805306368
before: x15 = 116
after: x15 = 805306484

65716: lw x15, -172(x15)
x15 = 805306484
before: x15 = 805306484
after: x15 = 33

65720: lw x14, -24(x8)
x8 = 805306368
before: x14 = 33
after: x14 = 528

65724: add x15, x14, x15
x14 = 528
x15 = 33
before: x15 = 33
after: x15 = 561

65728: sw x15, -24(x8)
x15 = 561
x8 = 805306368

65732: lw x15, -28(x8)
x8 = 805306368
before: x15 = 561
after: x15 = 33

65736: addi x15, x15, 1
x15 = 33
before: x15 = 33
after: x15 = 34

65740: sw x15, -28(x8)
x15 = 34
x8 = 805306368

65744: lw x14, -28(x8)
x8 = 805306368
before: x14 = 528
after: x14 = 34

65748: addi x15, x0, 39
x0 = 0
before: x15 = 34
after: x15 = 39

65752: bge x14, x15, -52
x14 = 34
x15 = 39

65700: lw x15, -28(x8)
x8 = 805306368
before: x15 = 39
after: x15 = 34

65704: slli x15, x15, 2
x15 = 00000000000000000000000000100010
before: x15 = 00000000000000000000000000100010
after: x15 = 00000000000000000000000010001000

65708: addi x15, x15, -16
x15 = 136
before: x15 = 136
after: x15 = 120

65712: add x15, x15, x8
x15 = 120
x8 = 805306368
before: x15 = 120
after: x15 = 805306488

65716: lw x15, -172(x15)
x15 = 805306488
before: x15 = 805306488
after: x15 = 34

65720: lw x14, -24(x8)
x8 = 805306368
before: x14 = 34
after: x14 = 561

65724: add x15, x14, x15
x14 = 561
x15 = 34
before: x15 = 34
after: x15 = 595

65728: sw x15, -24(x8)
x15 = 595
x8 = 805306368

65732: lw x15, -28(x8)
x8 = 805306368
before: x15 = 595
after: x15 = 34

65736: addi x15, x15, 1
x15 = 34
before: x15 = 34
after: x15 = 35

65740: sw x15, -28(x8)
x15 = 35
x8 = 805306368

65744: lw x14, -28(x8)
x8 = 805306368
before: x14 = 561
after: x14 = 35

65748: addi x15, x0, 39
x0 = 0
before: x15 = 35
after: x15 = 39

65752: bge x14, x15, -52
x14 = 35
x15 = 39

65700: lw x15, -28(x8)
x8 = 805306368
before: x15 = 39
after: x15 = 35

65704: slli x15, x15, 2
x15 = 00000000000000000000000000100011
before: x15 = 00000000000000000000000000100011
after: x15 = 00000000000000000000000010001100

65708: addi x15, x15, -16
x15 = 140
before: x15 = 140
after: x15 = 124

65712: add x15, x15, x8
x15 = 124
x8 = 805306368
before: x15 = 124
after: x15 = 805306492

65716: lw x15, -172(x15)
x15 = 805306492
before: x15 = 805306492
after: x15 = 35

65720: lw x14, -24(x8)
x8 = 805306368
before: x14 = 35
after: x14 = 595

65724: add x15, x14, x15
x14 = 595
x15 = 35
before: x15 = 35
after: x15 = 630

65728: sw x15, -24(x8)
x15 = 630
x8 = 805306368

65732: lw x15, -28(x8)
x8 = 805306368
before: x15 = 630
after: x15 = 35

65736: addi x15, x15, 1
x15 = 35
before: x15 = 35
after: x15 = 36

65740: sw x15, -28(x8)
x15 = 36
x8 = 805306368

65744: lw x14, -28(x8)
x8 = 805306368
before: x14 = 595
after: x14 = 36

65748: addi x15, x0, 39
x0 = 0
before: x15 = 36
after: x15 = 39

65752: bge x14, x15, -52
x14 = 36
x15 = 39

65700: lw x15, -28(x8)
x8 = 805306368
before: x15 = 39
after: x15 = 36

65704: slli x15, x15, 2
x15 = 00000000000000000000000000100100
before: x15 = 00000000000000000000000000100100
after: x15 = 00000000000000000000000010010000

65708: addi x15, x15, -16
x15 = 144
before: x15 = 144
after: x15 = 128

65712: add x15, x15, x8
x15 = 128
x8 = 805306368
before: x15 = 128
after: x15 = 805306496

65716: lw x15, -172(x15)
x15 = 805306496
before: x15 = 805306496
after: x15 = 36

65720: lw x14, -24(x8)
x8 = 805306368
before: x14 = 36
after: x14 = 630

65724: add x15, x14, x15
x14 = 630
x15 = 36
before: x15 = 36
after: x15 = 666

65728: sw x15, -24(x8)
x15 = 666
x8 = 805306368

65732: lw x15, -28(x8)
x8 = 805306368
before: x15 = 666
after: x15 = 36

65736: addi x15, x15, 1
x15 = 36
before: x15 = 36
after: x15 = 37

65740: sw x15, -28(x8)
x15 = 37
x8 = 805306368

65744: lw x14, -28(x8)
x8 = 805306368
before: x14 = 630
after: x14 = 37

65748: addi x15, x0, 39
x0 = 0
before: x15 = 37
after: x15 = 39

65752: bge x14, x15, -52
x14 = 37
x15 = 39

65700: lw x15, -28(x8)
x8 = 805306368
before: x15 = 39
after: x15 = 37

65704: slli x15, x15, 2
x15 = 00000000000000000000000000100101
before: x15 = 00000000000000000000000000100101
after: x15 = 00000000000000000000000010010100

65708: addi x15, x15, -16
x15 = 148
before: x15 = 148
after: x15 = 132

65712: add x15, x15, x8
x15 = 132
x8 = 805306368
before: x15 = 132
after: x15 = 805306500

65716: lw x15, -172(x15)
x15 = 805306500
before: x15 = 805306500
after: x15 = 37

65720: lw x14, -24(x8)
x8 = 805306368
before: x14 = 37
after: x14 = 666

65724: add x15, x14, x15
x14 = 666
x15 = 37
before: x15 = 37
after: x15 = 703

65728: sw x15, -24(x8)
x15 = 703
x8 = 805306368

65732: lw x15, -28(x8)
x8 = 805306368
before: x15 = 703
after: x15 = 37

65736: addi x15, x15, 1
x15 = 37
before: x15 = 37
after: x15 = 38

65740: sw x15, -28(x8)
x15 = 38
x8 = 805306368

65744: lw x14, -28(x8)
x8 = 805306368
before: x14 = 666
after: x14 = 38

65748: addi x15, x0, 39
x0 = 0
before: x15 = 38
after: x15 = 39

65752: bge x14, x15, -52
x14 = 38
x15 = 39

65700: lw x15, -28(x8)
x8 = 805306368
before: x15 = 39
after: x15 = 38

65704: slli x15, x15, 2
x15 = 00000000000000000000000000100110
before: x15 = 00000000000000000000000000100110
after: x15 = 00000000000000000000000010011000

65708: addi x15, x15, -16
x15 = 152
before: x15 = 152
after: x15 = 136

65712: add x15, x15, x8
x15 = 136
x8 = 805306368
before: x15 = 136
after: x15 = 805306504

65716: lw x15, -172(x15)
x15 = 805306504
before: x15 = 805306504
after: x15 = 38

65720: lw x14, -24(x8)
x8 = 805306368
before: x14 = 38
after: x14 = 703

65724: add x15, x14, x15
x14 = 703
x15 = 38
before: x15 = 38
after: x15 = 741

65728: sw x15, -24(x8)
x15 = 741
x8 = 805306368

65732: lw x15, -28(x8)
x8 = 805306368
before: x15 = 741
after: x15 = 38

65736: addi x15, x15, 1
x15 = 38
before: x15 = 38
after: x15 = 39

65740: sw x15, -28(x8)
x15 = 39
x8 = 805306368

65744: lw x14, -28(x8)
x8 = 805306368
before: x14 = 703
after: x14 = 39

65748: addi x15, x0, 39
x0 = 0
before: x15 = 39
after: x15 = 39

65752: bge x14, x15, -52
x14 = 39
x15 = 39

65700: lw x15, -28(x8)
x8 = 805306368
before: x15 = 39
after: x15 = 39

65704: slli x15, x15, 2
x15 = 00000000000000000000000000100111
before: x15 = 00000000000000000000000000100111
after: x15 = 00000000000000000000000010011100

65708: addi x15, x15, -16
x15 = 156
before: x15 = 156
after: x15 = 140

65712: add x15, x15, x8
x15 = 140
x8 = 805306368
before: x15 = 140
after: x15 = 805306508

65716: lw x15, -172(x15)
x15 = 805306508
before: x15 = 805306508
after: x15 = 39

65720: lw x14, -24(x8)
x8 = 805306368
before: x14 = 39
after: x14 = 741

65724: add x15, x14, x15
x14 = 741
x15 = 39
before: x15 = 39
after: x15 = 780

65728: sw x15, -24(x8)
x15 = 780
x8 = 805306368

65732: lw x15, -28(x8)
x8 = 805306368
before: x15 = 780
after: x15 = 39

65736: addi x15, x15, 1
x15 = 39
before: x15 = 39
after: x15 = 40

65740: sw x15, -28(x8)
x15 = 40
x8 = 805306368

65744: lw x14, -28(x8)
x8 = 805306368
before: x14 = 741
after: x14 = 40

65748: addi x15, x0, 39
x0 = 0
before: x15 = 40
after: x15 = 39

65752: bge x14, x15, -52
x14 = 40
x15 = 39

65756: addi x15, x0, 0
x0 = 0
before: x15 = 39
after: x15 = 0

65760: addi x10, x15, 0
x15 = 0
before: x10 = 0
after: x10 = 0

65764: lw x8, 188(x2)
x2 = 805306176
before: x8 = 805306368
after: x8 = 0

65768: addi x2, x2, 192
x2 = 805306176
before: x2 = 805306176
after: x2 = 805306368

65772: jalr x0, 0(x1)
x1 = 1342177280

Interpreter has successfully finished execution of array_sum.out elf file
