65620: addi x2, x2, -32
x2 = 805306368
before: x2 = 805306368
after: x2 = 805306336

65624: sw x1, 28(x2)
x1 = 1342177280
x2 = 805306336

65628: sw x8, 24(x2)
x8 = 0
x2 = 805306336

65632: addi x8, x2, 32
x2 = 805306336
before: x8 = 0
after: x8 = 805306368

65636: addi x15, x0, 19
x0 = 0
before: x15 = 0
after: x15 = 19

65640: sw x15, -20(x8)
x15 = 19
x8 = 805306368

65644: addi x15, x0, 8
x0 = 0
before: x15 = 19
after: x15 = 8

65648: sw x15, -24(x8)
x15 = 8
x8 = 805306368

65652: lw x11, -24(x8)
x8 = 805306368
before: x11 = 0
after: x11 = 8

65656: lw x10, -20(x8)
x8 = 805306368
before: x10 = 0
after: x10 = 19

65660: jal x1, 32

65692: addi x2, x2, -48
x2 = 805306336
before: x2 = 805306336
after: x2 = 805306288

65696: sw x8, 44(x2)
x8 = 805306368
x2 = 805306288

65700: addi x8, x2, 48
x2 = 805306288
before: x8 = 805306368
after: x8 = 805306336

65704: sw x10, -36(x8)
x10 = 19
x8 = 805306336

65708: sw x11, -40(x8)
x11 = 8
x8 = 805306336

65712: sw x0, -20(x8)
x0 = 0
x8 = 805306336

65716: jal x0, 56

65772: lw x15, -40(x8)
x8 = 805306336
before: x15 = 8
after: x15 = 8

65776: bne x0, x15, -56
x0 = 0
x15 = 8

65720: lw x15, -40(x8)
x8 = 805306336
before: x15 = 8
after: x15 = 8

65724: andi x15, x15, 1
x15 = 00000000000000000000000000001000
1 = 00000000000000000000000000000001
before: x15 = 00000000000000000000000000001000
after: x15 = 00000000000000000000000000000000

65728: beq x0, x15, 20
x0 = 0
x15 = 0

65748: lw x15, -40(x8)
x8 = 805306336
before: x15 = 0
after: x15 = 8

65752: srai x15, x15, 1
x15 = 00000000000000000000000000001000
before: x15 = 00000000000000000000000000001000
after: x15 = 00000000000000000000000000000100

65756: sw x15, -40(x8)
x15 = 4
x8 = 805306336

65760: lw x15, -36(x8)
x8 = 805306336
before: x15 = 4
after: x15 = 19

65764: slli x15, x15, 1
x15 = 00000000000000000000000000010011
before: x15 = 00000000000000000000000000010011
after: x15 = 00000000000000000000000000100110

65768: sw x15, -36(x8)
x15 = 38
x8 = 805306336

65772: lw x15, -40(x8)
x8 = 805306336
before: x15 = 38
after: x15 = 4

65776: bne x0, x15, -56
x0 = 0
x15 = 4

65720: lw x15, -40(x8)
x8 = 805306336
before: x15 = 4
after: x15 = 4

65724: andi x15, x15, 1
x15 = 00000000000000000000000000000100
1 = 00000000000000000000000000000001
before: x15 = 00000000000000000000000000000100
after: x15 = 00000000000000000000000000000000

65728: beq x0, x15, 20
x0 = 0
x15 = 0

65748: lw x15, -40(x8)
x8 = 805306336
before: x15 = 0
after: x15 = 4

65752: srai x15, x15, 1
x15 = 00000000000000000000000000000100
before: x15 = 00000000000000000000000000000100
after: x15 = 00000000000000000000000000000010

65756: sw x15, -40(x8)
x15 = 2
x8 = 805306336

65760: lw x15, -36(x8)
x8 = 805306336
before: x15 = 2
after: x15 = 38

65764: slli x15, x15, 1
x15 = 00000000000000000000000000100110
before: x15 = 00000000000000000000000000100110
after: x15 = 00000000000000000000000001001100

65768: sw x15, -36(x8)
x15 = 76
x8 = 805306336

65772: lw x15, -40(x8)
x8 = 805306336
before: x15 = 76
after: x15 = 2

65776: bne x0, x15, -56
x0 = 0
x15 = 2

65720: lw x15, -40(x8)
x8 = 805306336
before: x15 = 2
after: x15 = 2

65724: andi x15, x15, 1
x15 = 00000000000000000000000000000010
1 = 00000000000000000000000000000001
before: x15 = 00000000000000000000000000000010
after: x15 = 00000000000000000000000000000000

65728: beq x0, x15, 20
x0 = 0
x15 = 0

65748: lw x15, -40(x8)
x8 = 805306336
before: x15 = 0
after: x15 = 2

65752: srai x15, x15, 1
x15 = 00000000000000000000000000000010
before: x15 = 00000000000000000000000000000010
after: x15 = 00000000000000000000000000000001

65756: sw x15, -40(x8)
x15 = 1
x8 = 805306336

65760: lw x15, -36(x8)
x8 = 805306336
before: x15 = 1
after: x15 = 76

65764: slli x15, x15, 1
x15 = 00000000000000000000000001001100
before: x15 = 00000000000000000000000001001100
after: x15 = 00000000000000000000000010011000

65768: sw x15, -36(x8)
x15 = 152
x8 = 805306336

65772: lw x15, -40(x8)
x8 = 805306336
before: x15 = 152
after: x15 = 1

65776: bne x0, x15, -56
x0 = 0
x15 = 1

65720: lw x15, -40(x8)
x8 = 805306336
before: x15 = 1
after: x15 = 1

65724: andi x15, x15, 1
x15 = 00000000000000000000000000000001
1 = 00000000000000000000000000000001
before: x15 = 00000000000000000000000000000001
after: x15 = 00000000000000000000000000000001

65728: beq x0, x15, 20
x0 = 0
x15 = 1

65732: lw x14, -20(x8)
x8 = 805306336
before: x14 = 0
after: x14 = 0

65736: lw x15, -36(x8)
x8 = 805306336
before: x15 = 1
after: x15 = 152

65740: add x15, x14, x15
x14 = 0
x15 = 152
before: x15 = 152
after: x15 = 152

65744: sw x15, -20(x8)
x15 = 152
x8 = 805306336

65748: lw x15, -40(x8)
x8 = 805306336
before: x15 = 152
after: x15 = 1

65752: srai x15, x15, 1
x15 = 00000000000000000000000000000001
before: x15 = 00000000000000000000000000000001
after: x15 = 00000000000000000000000000000000

65756: sw x15, -40(x8)
x15 = 0
x8 = 805306336

65760: lw x15, -36(x8)
x8 = 805306336
before: x15 = 0
after: x15 = 152

65764: slli x15, x15, 1
x15 = 00000000000000000000000010011000
before: x15 = 00000000000000000000000010011000
after: x15 = 00000000000000000000000100110000

65768: sw x15, -36(x8)
x15 = 304
x8 = 805306336

65772: lw x15, -40(x8)
x8 = 805306336
before: x15 = 304
after: x15 = 0

65776: bne x0, x15, -56
x0 = 0
x15 = 0

65780: lw x15, -20(x8)
x8 = 805306336
before: x15 = 0
after: x15 = 152

65784: addi x10, x15, 0
x15 = 152
before: x10 = 19
after: x10 = 152

65788: lw x8, 44(x2)
x2 = 805306288
before: x8 = 805306336
after: x8 = 805306368

65792: addi x2, x2, 48
x2 = 805306288
before: x2 = 805306288
after: x2 = 805306336

65796: jalr x0, 0(x1)
x1 = 65664

65664: sw x10, -28(x8)
x10 = 152
x8 = 805306368

65668: addi x15, x0, 0
x0 = 0
before: x15 = 152
after: x15 = 0

65672: addi x10, x15, 0
x15 = 0
before: x10 = 152
after: x10 = 0

65676: lw x1, 28(x2)
x2 = 805306336
before: x1 = 65664
after: x1 = 1342177280

65680: lw x8, 24(x2)
x2 = 805306336
before: x8 = 805306368
after: x8 = 0

65684: addi x2, x2, 32
x2 = 805306336
before: x2 = 805306336
after: x2 = 805306368

65688: jalr x0, 0(x1)
x1 = 1342177280

Interpreter has successfully finished execution of multiplier.out elf file
