65620: addi x2, x2, -32
x2 = 805306368
before: x2 = 805306368
after: x2 = 805306336

65624: sw x1, 28(x2)
x1 = 1342177280
x2 = 805306336

65628: sw x8, 24(x2)
x8 = 0
x2 = 805306336

65632: addi x8, x2, 32
x2 = 805306336
before: x8 = 0
after: x8 = 805306368

65636: addi x15, x0, 6
x0 = 0
before: x15 = 0
after: x15 = 6

65640: sw x15, -20(x8)
x15 = 6
x8 = 805306368

65644: addi x10, x0, 6
x0 = 0
before: x10 = 0
after: x10 = 6

65648: jal x1, 140

65788: addi x2, x2, -32
x2 = 805306336
before: x2 = 805306336
after: x2 = 805306304

65792: sw x1, 28(x2)
x1 = 65652
x2 = 805306304

65796: sw x8, 24(x2)
x8 = 805306368
x2 = 805306304

65800: addi x8, x2, 32
x2 = 805306304
before: x8 = 805306368
after: x8 = 805306336

65804: sw x10, -20(x8)
x10 = 6
x8 = 805306336

65808: lw x15, -20(x8)
x8 = 805306336
before: x15 = 6
after: x15 = 6

65812: blt x15, x0, 12
x15 = 6
x0 = 0

65824: lw x15, -20(x8)
x8 = 805306336
before: x15 = 6
after: x15 = 6

65828: addi x15, x15, -1
x15 = 6
before: x15 = 6
after: x15 = 5

65832: addi x10, x15, 0
x15 = 5
before: x10 = 6
after: x10 = 5

65836: jal x1, -48

65788: addi x2, x2, -32
x2 = 805306304
before: x2 = 805306304
after: x2 = 805306272

65792: sw x1, 28(x2)
x1 = 65840
x2 = 805306272

65796: sw x8, 24(x2)
x8 = 805306336
x2 = 805306272

65800: addi x8, x2, 32
x2 = 805306272
before: x8 = 805306336
after: x8 = 805306304

65804: sw x10, -20(x8)
x10 = 5
x8 = 805306304

65808: lw x15, -20(x8)
x8 = 805306304
before: x15 = 5
after: x15 = 5

65812: blt x15, x0, 12
x15 = 5
x0 = 0

65824: lw x15, -20(x8)
x8 = 805306304
before: x15 = 5
after: x15 = 5

65828: addi x15, x15, -1
x15 = 5
before: x15 = 5
after: x15 = 4

65832: addi x10, x15, 0
x15 = 4
before: x10 = 5
after: x10 = 4

65836: jal x1, -48

65788: addi x2, x2, -32
x2 = 805306272
before: x2 = 805306272
after: x2 = 805306240

65792: sw x1, 28(x2)
x1 = 65840
x2 = 805306240

65796: sw x8, 24(x2)
x8 = 805306304
x2 = 805306240

65800: addi x8, x2, 32
x2 = 805306240
before: x8 = 805306304
after: x8 = 805306272

65804: sw x10, -20(x8)
x10 = 4
x8 = 805306272

65808: lw x15, -20(x8)
x8 = 805306272
before: x15 = 4
after: x15 = 4

65812: blt x15, x0, 12
x15 = 4
x0 = 0

65824: lw x15, -20(x8)
x8 = 805306272
before: x15 = 4
after: x15 = 4

65828: addi x15, x15, -1
x15 = 4
before: x15 = 4
after: x15 = 3

65832: addi x10, x15, 0
x15 = 3
before: x10 = 4
after: x10 = 3

65836: jal x1, -48

65788: addi x2, x2, -32
x2 = 805306240
before: x2 = 805306240
after: x2 = 805306208

65792: sw x1, 28(x2)
x1 = 65840
x2 = 805306208

65796: sw x8, 24(x2)
x8 = 805306272
x2 = 805306208

65800: addi x8, x2, 32
x2 = 805306208
before: x8 = 805306272
after: x8 = 805306240

65804: sw x10, -20(x8)
x10 = 3
x8 = 805306240

65808: lw x15, -20(x8)
x8 = 805306240
before: x15 = 3
after: x15 = 3

65812: blt x15, x0, 12
x15 = 3
x0 = 0

65824: lw x15, -20(x8)
x8 = 805306240
before: x15 = 3
after: x15 = 3

65828: addi x15, x15, -1
x15 = 3
before: x15 = 3
after: x15 = 2

65832: addi x10, x15, 0
x15 = 2
before: x10 = 3
after: x10 = 2

65836: jal x1, -48

65788: addi x2, x2, -32
x2 = 805306208
before: x2 = 805306208
after: x2 = 805306176

65792: sw x1, 28(x2)
x1 = 65840
x2 = 805306176

65796: sw x8, 24(x2)
x8 = 805306240
x2 = 805306176

65800: addi x8, x2, 32
x2 = 805306176
before: x8 = 805306240
after: x8 = 805306208

65804: sw x10, -20(x8)
x10 = 2
x8 = 805306208

65808: lw x15, -20(x8)
x8 = 805306208
before: x15 = 2
after: x15 = 2

65812: blt x15, x0, 12
x15 = 2
x0 = 0

65824: lw x15, -20(x8)
x8 = 805306208
before: x15 = 2
after: x15 = 2

65828: addi x15, x15, -1
x15 = 2
before: x15 = 2
after: x15 = 1

65832: addi x10, x15, 0
x15 = 1
before: x10 = 2
after: x10 = 1

65836: jal x1, -48

65788: addi x2, x2, -32
x2 = 805306176
before: x2 = 805306176
after: x2 = 805306144

65792: sw x1, 28(x2)
x1 = 65840
x2 = 805306144

65796: sw x8, 24(x2)
x8 = 805306208
x2 = 805306144

65800: addi x8, x2, 32
x2 = 805306144
before: x8 = 805306208
after: x8 = 805306176

65804: sw x10, -20(x8)
x10 = 1
x8 = 805306176

65808: lw x15, -20(x8)
x8 = 805306176
before: x15 = 1
after: x15 = 1

65812: blt x15, x0, 12
x15 = 1
x0 = 0

65824: lw x15, -20(x8)
x8 = 805306176
before: x15 = 1
after: x15 = 1

65828: addi x15, x15, -1
x15 = 1
before: x15 = 1
after: x15 = 0

65832: addi x10, x15, 0
x15 = 0
before: x10 = 1
after: x10 = 0

65836: jal x1, -48

65788: addi x2, x2, -32
x2 = 805306144
before: x2 = 805306144
after: x2 = 805306112

65792: sw x1, 28(x2)
x1 = 65840
x2 = 805306112

65796: sw x8, 24(x2)
x8 = 805306176
x2 = 805306112

65800: addi x8, x2, 32
x2 = 805306112
before: x8 = 805306176
after: x8 = 805306144

65804: sw x10, -20(x8)
x10 = 0
x8 = 805306144

65808: lw x15, -20(x8)
x8 = 805306144
before: x15 = 0
after: x15 = 0

65812: blt x15, x0, 12
x15 = 0
x0 = 0

65816: addi x15, x0, 1
x0 = 0
before: x15 = 0
after: x15 = 1

65820: jal x0, 40

65860: addi x10, x15, 0
x15 = 1
before: x10 = 0
after: x10 = 1

65864: lw x1, 28(x2)
x2 = 805306112
before: x1 = 65840
after: x1 = 65840

65868: lw x8, 24(x2)
x2 = 805306112
before: x8 = 805306144
after: x8 = 805306176

65872: addi x2, x2, 32
x2 = 805306112
before: x2 = 805306112
after: x2 = 805306144

65876: jalr x0, 0(x1)
x1 = 65840

65840: addi x15, x10, 0
x10 = 1
before: x15 = 1
after: x15 = 1

65844: addi x11, x15, 0
x15 = 1
before: x11 = 0
after: x11 = 1

65848: lw x10, -20(x8)
x8 = 805306176
before: x10 = 1
after: x10 = 1

65852: jal x1, -172

65680: addi x2, x2, -48
x2 = 805306144
before: x2 = 805306144
after: x2 = 805306096

65684: sw x8, 44(x2)
x8 = 805306176
x2 = 805306096

65688: addi x8, x2, 48
x2 = 805306096
before: x8 = 805306176
after: x8 = 805306144

65692: sw x10, -36(x8)
x10 = 1
x8 = 805306144

65696: sw x11, -40(x8)
x11 = 1
x8 = 805306144

65700: sw x0, -20(x8)
x0 = 0
x8 = 805306144

65704: jal x0, 56

65760: lw x15, -40(x8)
x8 = 805306144
before: x15 = 1
after: x15 = 1

65764: bne x0, x15, -56
x0 = 0
x15 = 1

65708: lw x15, -40(x8)
x8 = 805306144
before: x15 = 1
after: x15 = 1

65712: andi x15, x15, 1
x15 = 00000000000000000000000000000001
1 = 00000000000000000000000000000001
before: x15 = 00000000000000000000000000000001
after: x15 = 00000000000000000000000000000001

65716: beq x0, x15, 20
x0 = 0
x15 = 1

65720: lw x14, -20(x8)
x8 = 805306144
before: x14 = 0
after: x14 = 0

65724: lw x15, -36(x8)
x8 = 805306144
before: x15 = 1
after: x15 = 1

65728: add x15, x14, x15
x14 = 0
x15 = 1
before: x15 = 1
after: x15 = 1

65732: sw x15, -20(x8)
x15 = 1
x8 = 805306144

65736: lw x15, -40(x8)
x8 = 805306144
before: x15 = 1
after: x15 = 1

65740: srai x15, x15, 1
x15 = 00000000000000000000000000000001
before: x15 = 00000000000000000000000000000001
after: x15 = 00000000000000000000000000000000

65744: sw x15, -40(x8)
x15 = 0
x8 = 805306144

65748: lw x15, -36(x8)
x8 = 805306144
before: x15 = 0
after: x15 = 1

65752: slli x15, x15, 1
x15 = 00000000000000000000000000000001
before: x15 = 00000000000000000000000000000001
after: x15 = 00000000000000000000000000000010

65756: sw x15, -36(x8)
x15 = 2
x8 = 805306144

65760: lw x15, -40(x8)
x8 = 805306144
before: x15 = 2
after: x15 = 0

65764: bne x0, x15, -56
x0 = 0
x15 = 0

65768: lw x15, -20(x8)
x8 = 805306144
before: x15 = 0
after: x15 = 1

65772: addi x10, x15, 0
x15 = 1
before: x10 = 1
after: x10 = 1

65776: lw x8, 44(x2)
x2 = 805306096
before: x8 = 805306144
after: x8 = 805306176

65780: addi x2, x2, 48
x2 = 805306096
before: x2 = 805306096
after: x2 = 805306144

65784: jalr x0, 0(x1)
x1 = 65856

65856: addi x15, x10, 0
x10 = 1
before: x15 = 1
after: x15 = 1

65860: addi x10, x15, 0
x15 = 1
before: x10 = 1
after: x10 = 1

65864: lw x1, 28(x2)
x2 = 805306144
before: x1 = 65856
after: x1 = 65840

65868: lw x8, 24(x2)
x2 = 805306144
before: x8 = 805306176
after: x8 = 805306208

65872: addi x2, x2, 32
x2 = 805306144
before: x2 = 805306144
after: x2 = 805306176

65876: jalr x0, 0(x1)
x1 = 65840

65840: addi x15, x10, 0
x10 = 1
before: x15 = 1
after: x15 = 1

65844: addi x11, x15, 0
x15 = 1
before: x11 = 1
after: x11 = 1

65848: lw x10, -20(x8)
x8 = 805306208
before: x10 = 1
after: x10 = 2

65852: jal x1, -172

65680: addi x2, x2, -48
x2 = 805306176
before: x2 = 805306176
after: x2 = 805306128

65684: sw x8, 44(x2)
x8 = 805306208
x2 = 805306128

65688: addi x8, x2, 48
x2 = 805306128
before: x8 = 805306208
after: x8 = 805306176

65692: sw x10, -36(x8)
x10 = 2
x8 = 805306176

65696: sw x11, -40(x8)
x11 = 1
x8 = 805306176

65700: sw x0, -20(x8)
x0 = 0
x8 = 805306176

65704: jal x0, 56

65760: lw x15, -40(x8)
x8 = 805306176
before: x15 = 1
after: x15 = 1

65764: bne x0, x15, -56
x0 = 0
x15 = 1

65708: lw x15, -40(x8)
x8 = 805306176
before: x15 = 1
after: x15 = 1

65712: andi x15, x15, 1
x15 = 00000000000000000000000000000001
1 = 00000000000000000000000000000001
before: x15 = 00000000000000000000000000000001
after: x15 = 00000000000000000000000000000001

65716: beq x0, x15, 20
x0 = 0
x15 = 1

65720: lw x14, -20(x8)
x8 = 805306176
before: x14 = 0
after: x14 = 0

65724: lw x15, -36(x8)
x8 = 805306176
before: x15 = 1
after: x15 = 2

65728: add x15, x14, x15
x14 = 0
x15 = 2
before: x15 = 2
after: x15 = 2

65732: sw x15, -20(x8)
x15 = 2
x8 = 805306176

65736: lw x15, -40(x8)
x8 = 805306176
before: x15 = 2
after: x15 = 1

65740: srai x15, x15, 1
x15 = 00000000000000000000000000000001
before: x15 = 00000000000000000000000000000001
after: x15 = 00000000000000000000000000000000

65744: sw x15, -40(x8)
x15 = 0
x8 = 805306176

65748: lw x15, -36(x8)
x8 = 805306176
before: x15 = 0
after: x15 = 2

65752: slli x15, x15, 1
x15 = 00000000000000000000000000000010
before: x15 = 00000000000000000000000000000010
after: x15 = 00000000000000000000000000000100

65756: sw x15, -36(x8)
x15 = 4
x8 = 805306176

65760: lw x15, -40(x8)
x8 = 805306176
before: x15 = 4
after: x15 = 0

65764: bne x0, x15, -56
x0 = 0
x15 = 0

65768: lw x15, -20(x8)
x8 = 805306176
before: x15 = 0
after: x15 = 2

65772: addi x10, x15, 0
x15 = 2
before: x10 = 2
after: x10 = 2

65776: lw x8, 44(x2)
x2 = 805306128
before: x8 = 805306176
after: x8 = 805306208

65780: addi x2, x2, 48
x2 = 805306128
before: x2 = 805306128
after: x2 = 805306176

65784: jalr x0, 0(x1)
x1 = 65856

65856: addi x15, x10, 0
x10 = 2
before: x15 = 2
after: x15 = 2

65860: addi x10, x15, 0
x15 = 2
before: x10 = 2
after: x10 = 2

65864: lw x1, 28(x2)
x2 = 805306176
before: x1 = 65856
after: x1 = 65840

65868: lw x8, 24(x2)
x2 = 805306176
before: x8 = 805306208
after: x8 = 805306240

65872: addi x2, x2, 32
x2 = 805306176
before: x2 = 805306176
after: x2 = 805306208

65876: jalr x0, 0(x1)
x1 = 65840

65840: addi x15, x10, 0
x10 = 2
before: x15 = 2
after: x15 = 2

65844: addi x11, x15, 0
x15 = 2
before: x11 = 1
after: x11 = 2

65848: lw x10, -20(x8)
x8 = 805306240
before: x10 = 2
after: x10 = 3

65852: jal x1, -172

65680: addi x2, x2, -48
x2 = 805306208
before: x2 = 805306208
after: x2 = 805306160

65684: sw x8, 44(x2)
x8 = 805306240
x2 = 805306160

65688: addi x8, x2, 48
x2 = 805306160
before: x8 = 805306240
after: x8 = 805306208

65692: sw x10, -36(x8)
x10 = 3
x8 = 805306208

65696: sw x11, -40(x8)
x11 = 2
x8 = 805306208

65700: sw x0, -20(x8)
x0 = 0
x8 = 805306208

65704: jal x0, 56

65760: lw x15, -40(x8)
x8 = 805306208
before: x15 = 2
after: x15 = 2

65764: bne x0, x15, -56
x0 = 0
x15 = 2

65708: lw x15, -40(x8)
x8 = 805306208
before: x15 = 2
after: x15 = 2

65712: andi x15, x15, 1
x15 = 00000000000000000000000000000010
1 = 00000000000000000000000000000001
before: x15 = 00000000000000000000000000000010
after: x15 = 00000000000000000000000000000000

65716: beq x0, x15, 20
x0 = 0
x15 = 0

65736: lw x15, -40(x8)
x8 = 805306208
before: x15 = 0
after: x15 = 2

65740: srai x15, x15, 1
x15 = 00000000000000000000000000000010
before: x15 = 00000000000000000000000000000010
after: x15 = 00000000000000000000000000000001

65744: sw x15, -40(x8)
x15 = 1
x8 = 805306208

65748: lw x15, -36(x8)
x8 = 805306208
before: x15 = 1
after: x15 = 3

65752: slli x15, x15, 1
x15 = 00000000000000000000000000000011
before: x15 = 00000000000000000000000000000011
after: x15 = 00000000000000000000000000000110

65756: sw x15, -36(x8)
x15 = 6
x8 = 805306208

65760: lw x15, -40(x8)
x8 = 805306208
before: x15 = 6
after: x15 = 1

65764: bne x0, x15, -56
x0 = 0
x15 = 1

65708: lw x15, -40(x8)
x8 = 805306208
before: x15 = 1
after: x15 = 1

65712: andi x15, x15, 1
x15 = 00000000000000000000000000000001
1 = 00000000000000000000000000000001
before: x15 = 00000000000000000000000000000001
after: x15 = 00000000000000000000000000000001

65716: beq x0, x15, 20
x0 = 0
x15 = 1

65720: lw x14, -20(x8)
x8 = 805306208
before: x14 = 0
after: x14 = 0

65724: lw x15, -36(x8)
x8 = 805306208
before: x15 = 1
after: x15 = 6

65728: add x15, x14, x15
x14 = 0
x15 = 6
before: x15 = 6
after: x15 = 6

65732: sw x15, -20(x8)
x15 = 6
x8 = 805306208

65736: lw x15, -40(x8)
x8 = 805306208
before: x15 = 6
after: x15 = 1

65740: srai x15, x15, 1
x15 = 00000000000000000000000000000001
before: x15 = 00000000000000000000000000000001
after: x15 = 00000000000000000000000000000000

65744: sw x15, -40(x8)
x15 = 0
x8 = 805306208

65748: lw x15, -36(x8)
x8 = 805306208
before: x15 = 0
after: x15 = 6

65752: slli x15, x15, 1
x15 = 00000000000000000000000000000110
before: x15 = 00000000000000000000000000000110
after: x15 = 00000000000000000000000000001100

65756: sw x15, -36(x8)
x15 = 12
x8 = 805306208

65760: lw x15, -40(x8)
x8 = 805306208
before: x15 = 12
after: x15 = 0

65764: bne x0, x15, -56
x0 = 0
x15 = 0

65768: lw x15, -20(x8)
x8 = 805306208
before: x15 = 0
after: x15 = 6

65772: addi x10, x15, 0
x15 = 6
before: x10 = 3
after: x10 = 6

65776: lw x8, 44(x2)
x2 = 805306160
before: x8 = 805306208
after: x8 = 805306240

65780: addi x2, x2, 48
x2 = 805306160
before: x2 = 805306160
after: x2 = 805306208

65784: jalr x0, 0(x1)
x1 = 65856

65856: addi x15, x10, 0
x10 = 6
before: x15 = 6
after: x15 = 6

65860: addi x10, x15, 0
x15 = 6
before: x10 = 6
after: x10 = 6

65864: lw x1, 28(x2)
x2 = 805306208
before: x1 = 65856
after: x1 = 65840

65868: lw x8, 24(x2)
x2 = 805306208
before: x8 = 805306240
after: x8 = 805306272

65872: addi x2, x2, 32
x2 = 805306208
before: x2 = 805306208
after: x2 = 805306240

65876: jalr x0, 0(x1)
x1 = 65840

65840: addi x15, x10, 0
x10 = 6
before: x15 = 6
after: x15 = 6

65844: addi x11, x15, 0
x15 = 6
before: x11 = 2
after: x11 = 6

65848: lw x10, -20(x8)
x8 = 805306272
before: x10 = 6
after: x10 = 4

65852: jal x1, -172

65680: addi x2, x2, -48
x2 = 805306240
before: x2 = 805306240
after: x2 = 805306192

65684: sw x8, 44(x2)
x8 = 805306272
x2 = 805306192

65688: addi x8, x2, 48
x2 = 805306192
before: x8 = 805306272
after: x8 = 805306240

65692: sw x10, -36(x8)
x10 = 4
x8 = 805306240

65696: sw x11, -40(x8)
x11 = 6
x8 = 805306240

65700: sw x0, -20(x8)
x0 = 0
x8 = 805306240

65704: jal x0, 56

65760: lw x15, -40(x8)
x8 = 805306240
before: x15 = 6
after: x15 = 6

65764: bne x0, x15, -56
x0 = 0
x15 = 6

65708: lw x15, -40(x8)
x8 = 805306240
before: x15 = 6
after: x15 = 6

65712: andi x15, x15, 1
x15 = 00000000000000000000000000000110
1 = 00000000000000000000000000000001
before: x15 = 00000000000000000000000000000110
after: x15 = 00000000000000000000000000000000

65716: beq x0, x15, 20
x0 = 0
x15 = 0

65736: lw x15, -40(x8)
x8 = 805306240
before: x15 = 0
after: x15 = 6

65740: srai x15, x15, 1
x15 = 00000000000000000000000000000110
before: x15 = 00000000000000000000000000000110
after: x15 = 00000000000000000000000000000011

65744: sw x15, -40(x8)
x15 = 3
x8 = 805306240

65748: lw x15, -36(x8)
x8 = 805306240
before: x15 = 3
after: x15 = 4

65752: slli x15, x15, 1
x15 = 00000000000000000000000000000100
before: x15 = 00000000000000000000000000000100
after: x15 = 00000000000000000000000000001000

65756: sw x15, -36(x8)
x15 = 8
x8 = 805306240

65760: lw x15, -40(x8)
x8 = 805306240
before: x15 = 8
after: x15 = 3

65764: bne x0, x15, -56
x0 = 0
x15 = 3

65708: lw x15, -40(x8)
x8 = 805306240
before: x15 = 3
after: x15 = 3

65712: andi x15, x15, 1
x15 = 00000000000000000000000000000011
1 = 00000000000000000000000000000001
before: x15 = 00000000000000000000000000000011
after: x15 = 00000000000000000000000000000001

65716: beq x0, x15, 20
x0 = 0
x15 = 1

65720: lw x14, -20(x8)
x8 = 805306240
before: x14 = 0
after: x14 = 0

65724: lw x15, -36(x8)
x8 = 805306240
before: x15 = 1
after: x15 = 8

65728: add x15, x14, x15
x14 = 0
x15 = 8
before: x15 = 8
after: x15 = 8

65732: sw x15, -20(x8)
x15 = 8
x8 = 805306240

65736: lw x15, -40(x8)
x8 = 805306240
before: x15 = 8
after: x15 = 3

65740: srai x15, x15, 1
x15 = 00000000000000000000000000000011
before: x15 = 00000000000000000000000000000011
after: x15 = 00000000000000000000000000000001

65744: sw x15, -40(x8)
x15 = 1
x8 = 805306240

65748: lw x15, -36(x8)
x8 = 805306240
before: x15 = 1
after: x15 = 8

65752: slli x15, x15, 1
x15 = 00000000000000000000000000001000
before: x15 = 00000000000000000000000000001000
after: x15 = 00000000000000000000000000010000

65756: sw x15, -36(x8)
x15 = 16
x8 = 805306240

65760: lw x15, -40(x8)
x8 = 805306240
before: x15 = 16
after: x15 = 1

65764: bne x0, x15, -56
x0 = 0
x15 = 1

65708: lw x15, -40(x8)
x8 = 805306240
before: x15 = 1
after: x15 = 1

65712: andi x15, x15, 1
x15 = 00000000000000000000000000000001
1 = 00000000000000000000000000000001
before: x15 = 00000000000000000000000000000001
after: x15 = 00000000000000000000000000000001

65716: beq x0, x15, 20
x0 = 0
x15 = 1

65720: lw x14, -20(x8)
x8 = 805306240
before: x14 = 0
after: x14 = 8

65724: lw x15, -36(x8)
x8 = 805306240
before: x15 = 1
after: x15 = 16

65728: add x15, x14, x15
x14 = 8
x15 = 16
before: x15 = 16
after: x15 = 24

65732: sw x15, -20(x8)
x15 = 24
x8 = 805306240

65736: lw x15, -40(x8)
x8 = 805306240
before: x15 = 24
after: x15 = 1

65740: srai x15, x15, 1
x15 = 00000000000000000000000000000001
before: x15 = 00000000000000000000000000000001
after: x15 = 00000000000000000000000000000000

65744: sw x15, -40(x8)
x15 = 0
x8 = 805306240

65748: lw x15, -36(x8)
x8 = 805306240
before: x15 = 0
after: x15 = 16

65752: slli x15, x15, 1
x15 = 00000000000000000000000000010000
before: x15 = 00000000000000000000000000010000
after: x15 = 00000000000000000000000000100000

65756: sw x15, -36(x8)
x15 = 32
x8 = 805306240

65760: lw x15, -40(x8)
x8 = 805306240
before: x15 = 32
after: x15 = 0

65764: bne x0, x15, -56
x0 = 0
x15 = 0

65768: lw x15, -20(x8)
x8 = 805306240
before: x15 = 0
after: x15 = 24

65772: addi x10, x15, 0
x15 = 24
before: x10 = 4
after: x10 = 24

65776: lw x8, 44(x2)
x2 = 805306192
before: x8 = 805306240
after: x8 = 805306272

65780: addi x2, x2, 48
x2 = 805306192
before: x2 = 805306192
after: x2 = 805306240

65784: jalr x0, 0(x1)
x1 = 65856

65856: addi x15, x10, 0
x10 = 24
before: x15 = 24
after: x15 = 24

65860: addi x10, x15, 0
x15 = 24
before: x10 = 24
after: x10 = 24

65864: lw x1, 28(x2)
x2 = 805306240
before: x1 = 65856
after: x1 = 65840

65868: lw x8, 24(x2)
x2 = 805306240
before: x8 = 805306272
after: x8 = 805306304

65872: addi x2, x2, 32
x2 = 805306240
before: x2 = 805306240
after: x2 = 805306272

65876: jalr x0, 0(x1)
x1 = 65840

65840: addi x15, x10, 0
x10 = 24
before: x15 = 24
after: x15 = 24

65844: addi x11, x15, 0
x15 = 24
before: x11 = 6
after: x11 = 24

65848: lw x10, -20(x8)
x8 = 805306304
before: x10 = 24
after: x10 = 5

65852: jal x1, -172

65680: addi x2, x2, -48
x2 = 805306272
before: x2 = 805306272
after: x2 = 805306224

65684: sw x8, 44(x2)
x8 = 805306304
x2 = 805306224

65688: addi x8, x2, 48
x2 = 805306224
before: x8 = 805306304
after: x8 = 805306272

65692: sw x10, -36(x8)
x10 = 5
x8 = 805306272

65696: sw x11, -40(x8)
x11 = 24
x8 = 805306272

65700: sw x0, -20(x8)
x0 = 0
x8 = 805306272

65704: jal x0, 56

65760: lw x15, -40(x8)
x8 = 805306272
before: x15 = 24
after: x15 = 24

65764: bne x0, x15, -56
x0 = 0
x15 = 24

65708: lw x15, -40(x8)
x8 = 805306272
before: x15 = 24
after: x15 = 24

65712: andi x15, x15, 1
x15 = 00000000000000000000000000011000
1 = 00000000000000000000000000000001
before: x15 = 00000000000000000000000000011000
after: x15 = 00000000000000000000000000000000

65716: beq x0, x15, 20
x0 = 0
x15 = 0

65736: lw x15, -40(x8)
x8 = 805306272
before: x15 = 0
after: x15 = 24

65740: srai x15, x15, 1
x15 = 00000000000000000000000000011000
before: x15 = 00000000000000000000000000011000
after: x15 = 00000000000000000000000000001100

65744: sw x15, -40(x8)
x15 = 12
x8 = 805306272

65748: lw x15, -36(x8)
x8 = 805306272
before: x15 = 12
after: x15 = 5

65752: slli x15, x15, 1
x15 = 00000000000000000000000000000101
before: x15 = 00000000000000000000000000000101
after: x15 = 00000000000000000000000000001010

65756: sw x15, -36(x8)
x15 = 10
x8 = 805306272

65760: lw x15, -40(x8)
x8 = 805306272
before: x15 = 10
after: x15 = 12

65764: bne x0, x15, -56
x0 = 0
x15 = 12

65708: lw x15, -40(x8)
x8 = 805306272
before: x15 = 12
after: x15 = 12

65712: andi x15, x15, 1
x15 = 00000000000000000000000000001100
1 = 00000000000000000000000000000001
before: x15 = 00000000000000000000000000001100
after: x15 = 00000000000000000000000000000000

65716: beq x0, x15, 20
x0 = 0
x15 = 0

65736: lw x15, -40(x8)
x8 = 805306272
before: x15 = 0
after: x15 = 12

65740: srai x15, x15, 1
x15 = 00000000000000000000000000001100
before: x15 = 00000000000000000000000000001100
after: x15 = 00000000000000000000000000000110

65744: sw x15, -40(x8)
x15 = 6
x8 = 805306272

65748: lw x15, -36(x8)
x8 = 805306272
before: x15 = 6
after: x15 = 10

65752: slli x15, x15, 1
x15 = 00000000000000000000000000001010
before: x15 = 00000000000000000000000000001010
after: x15 = 00000000000000000000000000010100

65756: sw x15, -36(x8)
x15 = 20
x8 = 805306272

65760: lw x15, -40(x8)
x8 = 805306272
before: x15 = 20
after: x15 = 6

65764: bne x0, x15, -56
x0 = 0
x15 = 6

65708: lw x15, -40(x8)
x8 = 805306272
before: x15 = 6
after: x15 = 6

65712: andi x15, x15, 1
x15 = 00000000000000000000000000000110
1 = 00000000000000000000000000000001
before: x15 = 00000000000000000000000000000110
after: x15 = 00000000000000000000000000000000

65716: beq x0, x15, 20
x0 = 0
x15 = 0

65736: lw x15, -40(x8)
x8 = 805306272
before: x15 = 0
after: x15 = 6

65740: srai x15, x15, 1
x15 = 00000000000000000000000000000110
before: x15 = 00000000000000000000000000000110
after: x15 = 00000000000000000000000000000011

65744: sw x15, -40(x8)
x15 = 3
x8 = 805306272

65748: lw x15, -36(x8)
x8 = 805306272
before: x15 = 3
after: x15 = 20

65752: slli x15, x15, 1
x15 = 00000000000000000000000000010100
before: x15 = 00000000000000000000000000010100
after: x15 = 00000000000000000000000000101000

65756: sw x15, -36(x8)
x15 = 40
x8 = 805306272

65760: lw x15, -40(x8)
x8 = 805306272
before: x15 = 40
after: x15 = 3

65764: bne x0, x15, -56
x0 = 0
x15 = 3

65708: lw x15, -40(x8)
x8 = 805306272
before: x15 = 3
after: x15 = 3

65712: andi x15, x15, 1
x15 = 00000000000000000000000000000011
1 = 00000000000000000000000000000001
before: x15 = 00000000000000000000000000000011
after: x15 = 00000000000000000000000000000001

65716: beq x0, x15, 20
x0 = 0
x15 = 1

65720: lw x14, -20(x8)
x8 = 805306272
before: x14 = 8
after: x14 = 0

65724: lw x15, -36(x8)
x8 = 805306272
before: x15 = 1
after: x15 = 40

65728: add x15, x14, x15
x14 = 0
x15 = 40
before: x15 = 40
after: x15 = 40

65732: sw x15, -20(x8)
x15 = 40
x8 = 805306272

65736: lw x15, -40(x8)
x8 = 805306272
before: x15 = 40
after: x15 = 3

65740: srai x15, x15, 1
x15 = 00000000000000000000000000000011
before: x15 = 00000000000000000000000000000011
after: x15 = 00000000000000000000000000000001

65744: sw x15, -40(x8)
x15 = 1
x8 = 805306272

65748: lw x15, -36(x8)
x8 = 805306272
before: x15 = 1
after: x15 = 40

65752: slli x15, x15, 1
x15 = 00000000000000000000000000101000
before: x15 = 00000000000000000000000000101000
after: x15 = 00000000000000000000000001010000

65756: sw x15, -36(x8)
x15 = 80
x8 = 805306272

65760: lw x15, -40(x8)
x8 = 805306272
before: x15 = 80
after: x15 = 1

65764: bne x0, x15, -56
x0 = 0
x15 = 1

65708: lw x15, -40(x8)
x8 = 805306272
before: x15 = 1
after: x15 = 1

65712: andi x15, x15, 1
x15 = 00000000000000000000000000000001
1 = 00000000000000000000000000000001
before: x15 = 00000000000000000000000000000001
after: x15 = 00000000000000000000000000000001

65716: beq x0, x15, 20
x0 = 0
x15 = 1

65720: lw x14, -20(x8)
x8 = 805306272
before: x14 = 0
after: x14 = 40

65724: lw x15, -36(x8)
x8 = 805306272
before: x15 = 1
after: x15 = 80

65728: add x15, x14, x15
x14 = 40
x15 = 80
before: x15 = 80
after: x15 = 120

65732: sw x15, -20(x8)
x15 = 120
x8 = 805306272

65736: lw x15, -40(x8)
x8 = 805306272
before: x15 = 120
after: x15 = 1

65740: srai x15, x15, 1
x15 = 00000000000000000000000000000001
before: x15 = 00000000000000000000000000000001
after: x15 = 00000000000000000000000000000000

65744: sw x15, -40(x8)
x15 = 0
x8 = 805306272

65748: lw x15, -36(x8)
x8 = 805306272
before: x15 = 0
after: x15 = 80

65752: slli x15, x15, 1
x15 = 00000000000000000000000001010000
before: x15 = 00000000000000000000000001010000
after: x15 = 00000000000000000000000010100000

65756: sw x15, -36(x8)
x15 = 160
x8 = 805306272

65760: lw x15, -40(x8)
x8 = 805306272
before: x15 = 160
after: x15 = 0

65764: bne x0, x15, -56
x0 = 0
x15 = 0

65768: lw x15, -20(x8)
x8 = 805306272
before: x15 = 0
after: x15 = 120

65772: addi x10, x15, 0
x15 = 120
before: x10 = 5
after: x10 = 120

65776: lw x8, 44(x2)
x2 = 805306224
before: x8 = 805306272
after: x8 = 805306304

65780: addi x2, x2, 48
x2 = 805306224
before: x2 = 805306224
after: x2 = 805306272

65784: jalr x0, 0(x1)
x1 = 65856

65856: addi x15, x10, 0
x10 = 120
before: x15 = 120
after: x15 = 120

65860: addi x10, x15, 0
x15 = 120
before: x10 = 120
after: x10 = 120

65864: lw x1, 28(x2)
x2 = 805306272
before: x1 = 65856
after: x1 = 65840

65868: lw x8, 24(x2)
x2 = 805306272
before: x8 = 805306304
after: x8 = 805306336

65872: addi x2, x2, 32
x2 = 805306272
before: x2 = 805306272
after: x2 = 805306304

65876: jalr x0, 0(x1)
x1 = 65840

65840: addi x15, x10, 0
x10 = 120
before: x15 = 120
after: x15 = 120

65844: addi x11, x15, 0
x15 = 120
before: x11 = 24
after: x11 = 120

65848: lw x10, -20(x8)
x8 = 805306336
before: x10 = 120
after: x10 = 6

65852: jal x1, -172

65680: addi x2, x2, -48
x2 = 805306304
before: x2 = 805306304
after: x2 = 805306256

65684: sw x8, 44(x2)
x8 = 805306336
x2 = 805306256

65688: addi x8, x2, 48
x2 = 805306256
before: x8 = 805306336
after: x8 = 805306304

65692: sw x10, -36(x8)
x10 = 6
x8 = 805306304

65696: sw x11, -40(x8)
x11 = 120
x8 = 805306304

65700: sw x0, -20(x8)
x0 = 0
x8 = 805306304

65704: jal x0, 56

65760: lw x15, -40(x8)
x8 = 805306304
before: x15 = 120
after: x15 = 120

65764: bne x0, x15, -56
x0 = 0
x15 = 120

65708: lw x15, -40(x8)
x8 = 805306304
before: x15 = 120
after: x15 = 120

65712: andi x15, x15, 1
x15 = 00000000000000000000000001111000
1 = 00000000000000000000000000000001
before: x15 = 00000000000000000000000001111000
after: x15 = 00000000000000000000000000000000

65716: beq x0, x15, 20
x0 = 0
x15 = 0

65736: lw x15, -40(x8)
x8 = 805306304
before: x15 = 0
after: x15 = 120

65740: srai x15, x15, 1
x15 = 00000000000000000000000001111000
before: x15 = 00000000000000000000000001111000
after: x15 = 00000000000000000000000000111100

65744: sw x15, -40(x8)
x15 = 60
x8 = 805306304

65748: lw x15, -36(x8)
x8 = 805306304
before: x15 = 60
after: x15 = 6

65752: slli x15, x15, 1
x15 = 00000000000000000000000000000110
before: x15 = 00000000000000000000000000000110
after: x15 = 00000000000000000000000000001100

65756: sw x15, -36(x8)
x15 = 12
x8 = 805306304

65760: lw x15, -40(x8)
x8 = 805306304
before: x15 = 12
after: x15 = 60

65764: bne x0, x15, -56
x0 = 0
x15 = 60

65708: lw x15, -40(x8)
x8 = 805306304
before: x15 = 60
after: x15 = 60

65712: andi x15, x15, 1
x15 = 00000000000000000000000000111100
1 = 00000000000000000000000000000001
before: x15 = 00000000000000000000000000111100
after: x15 = 00000000000000000000000000000000

65716: beq x0, x15, 20
x0 = 0
x15 = 0

65736: lw x15, -40(x8)
x8 = 805306304
before: x15 = 0
after: x15 = 60

65740: srai x15, x15, 1
x15 = 00000000000000000000000000111100
before: x15 = 00000000000000000000000000111100
after: x15 = 00000000000000000000000000011110

65744: sw x15, -40(x8)
x15 = 30
x8 = 805306304

65748: lw x15, -36(x8)
x8 = 805306304
before: x15 = 30
after: x15 = 12

65752: slli x15, x15, 1
x15 = 00000000000000000000000000001100
before: x15 = 00000000000000000000000000001100
after: x15 = 00000000000000000000000000011000

65756: sw x15, -36(x8)
x15 = 24
x8 = 805306304

65760: lw x15, -40(x8)
x8 = 805306304
before: x15 = 24
after: x15 = 30

65764: bne x0, x15, -56
x0 = 0
x15 = 30

65708: lw x15, -40(x8)
x8 = 805306304
before: x15 = 30
after: x15 = 30

65712: andi x15, x15, 1
x15 = 00000000000000000000000000011110
1 = 00000000000000000000000000000001
before: x15 = 00000000000000000000000000011110
after: x15 = 00000000000000000000000000000000

65716: beq x0, x15, 20
x0 = 0
x15 = 0

65736: lw x15, -40(x8)
x8 = 805306304
before: x15 = 0
after: x15 = 30

65740: srai x15, x15, 1
x15 = 00000000000000000000000000011110
before: x15 = 00000000000000000000000000011110
after: x15 = 00000000000000000000000000001111

65744: sw x15, -40(x8)
x15 = 15
x8 = 805306304

65748: lw x15, -36(x8)
x8 = 805306304
before: x15 = 15
after: x15 = 24

65752: slli x15, x15, 1
x15 = 00000000000000000000000000011000
before: x15 = 00000000000000000000000000011000
after: x15 = 00000000000000000000000000110000

65756: sw x15, -36(x8)
x15 = 48
x8 = 805306304

65760: lw x15, -40(x8)
x8 = 805306304
before: x15 = 48
after: x15 = 15

65764: bne x0, x15, -56
x0 = 0
x15 = 15

65708: lw x15, -40(x8)
x8 = 805306304
before: x15 = 15
after: x15 = 15

65712: andi x15, x15, 1
x15 = 00000000000000000000000000001111
1 = 00000000000000000000000000000001
before: x15 = 00000000000000000000000000001111
after: x15 = 00000000000000000000000000000001

65716: beq x0, x15, 20
x0 = 0
x15 = 1

65720: lw x14, -20(x8)
x8 = 805306304
before: x14 = 40
after: x14 = 0

65724: lw x15, -36(x8)
x8 = 805306304
before: x15 = 1
after: x15 = 48

65728: add x15, x14, x15
x14 = 0
x15 = 48
before: x15 = 48
after: x15 = 48

65732: sw x15, -20(x8)
x15 = 48
x8 = 805306304

65736: lw x15, -40(x8)
x8 = 805306304
before: x15 = 48
after: x15 = 15

65740: srai x15, x15, 1
x15 = 00000000000000000000000000001111
before: x15 = 00000000000000000000000000001111
after: x15 = 00000000000000000000000000000111

65744: sw x15, -40(x8)
x15 = 7
x8 = 805306304

65748: lw x15, -36(x8)
x8 = 805306304
before: x15 = 7
after: x15 = 48

65752: slli x15, x15, 1
x15 = 00000000000000000000000000110000
before: x15 = 00000000000000000000000000110000
after: x15 = 00000000000000000000000001100000

65756: sw x15, -36(x8)
x15 = 96
x8 = 805306304

65760: lw x15, -40(x8)
x8 = 805306304
before: x15 = 96
after: x15 = 7

65764: bne x0, x15, -56
x0 = 0
x15 = 7

65708: lw x15, -40(x8)
x8 = 805306304
before: x15 = 7
after: x15 = 7

65712: andi x15, x15, 1
x15 = 00000000000000000000000000000111
1 = 00000000000000000000000000000001
before: x15 = 00000000000000000000000000000111
after: x15 = 00000000000000000000000000000001

65716: beq x0, x15, 20
x0 = 0
x15 = 1

65720: lw x14, -20(x8)
x8 = 805306304
before: x14 = 0
after: x14 = 48

65724: lw x15, -36(x8)
x8 = 805306304
before: x15 = 1
after: x15 = 96

65728: add x15, x14, x15
x14 = 48
x15 = 96
before: x15 = 96
after: x15 = 144

65732: sw x15, -20(x8)
x15 = 144
x8 = 805306304

65736: lw x15, -40(x8)
x8 = 805306304
before: x15 = 144
after: x15 = 7

65740: srai x15, x15, 1
x15 = 00000000000000000000000000000111
before: x15 = 00000000000000000000000000000111
after: x15 = 00000000000000000000000000000011

65744: sw x15, -40(x8)
x15 = 3
x8 = 805306304

65748: lw x15, -36(x8)
x8 = 805306304
before: x15 = 3
after: x15 = 96

65752: slli x15, x15, 1
x15 = 00000000000000000000000001100000
before: x15 = 00000000000000000000000001100000
after: x15 = 00000000000000000000000011000000

65756: sw x15, -36(x8)
x15 = 192
x8 = 805306304

65760: lw x15, -40(x8)
x8 = 805306304
before: x15 = 192
after: x15 = 3

65764: bne x0, x15, -56
x0 = 0
x15 = 3

65708: lw x15, -40(x8)
x8 = 805306304
before: x15 = 3
after: x15 = 3

65712: andi x15, x15, 1
x15 = 00000000000000000000000000000011
1 = 00000000000000000000000000000001
before: x15 = 00000000000000000000000000000011
after: x15 = 00000000000000000000000000000001

65716: beq x0, x15, 20
x0 = 0
x15 = 1

65720: lw x14, -20(x8)
x8 = 805306304
before: x14 = 48
after: x14 = 144

65724: lw x15, -36(x8)
x8 = 805306304
before: x15 = 1
after: x15 = 192

65728: add x15, x14, x15
x14 = 144
x15 = 192
before: x15 = 192
after: x15 = 336

65732: sw x15, -20(x8)
x15 = 336
x8 = 805306304

65736: lw x15, -40(x8)
x8 = 805306304
before: x15 = 336
after: x15 = 3

65740: srai x15, x15, 1
x15 = 00000000000000000000000000000011
before: x15 = 00000000000000000000000000000011
after: x15 = 00000000000000000000000000000001

65744: sw x15, -40(x8)
x15 = 1
x8 = 805306304

65748: lw x15, -36(x8)
x8 = 805306304
before: x15 = 1
after: x15 = 192

65752: slli x15, x15, 1
x15 = 00000000000000000000000011000000
before: x15 = 00000000000000000000000011000000
after: x15 = 00000000000000000000000110000000

65756: sw x15, -36(x8)
x15 = 384
x8 = 805306304

65760: lw x15, -40(x8)
x8 = 805306304
before: x15 = 384
after: x15 = 1

65764: bne x0, x15, -56
x0 = 0
x15 = 1

65708: lw x15, -40(x8)
x8 = 805306304
before: x15 = 1
after: x15 = 1

65712: andi x15, x15, 1
x15 = 00000000000000000000000000000001
1 = 00000000000000000000000000000001
before: x15 = 00000000000000000000000000000001
after: x15 = 00000000000000000000000000000001

65716: beq x0, x15, 20
x0 = 0
x15 = 1

65720: lw x14, -20(x8)
x8 = 805306304
before: x14 = 144
after: x14 = 336

65724: lw x15, -36(x8)
x8 = 805306304
before: x15 = 1
after: x15 = 384

65728: add x15, x14, x15
x14 = 336
x15 = 384
before: x15 = 384
after: x15 = 720

65732: sw x15, -20(x8)
x15 = 720
x8 = 805306304

65736: lw x15, -40(x8)
x8 = 805306304
before: x15 = 720
after: x15 = 1

65740: srai x15, x15, 1
x15 = 00000000000000000000000000000001
before: x15 = 00000000000000000000000000000001
after: x15 = 00000000000000000000000000000000

65744: sw x15, -40(x8)
x15 = 0
x8 = 805306304

65748: lw x15, -36(x8)
x8 = 805306304
before: x15 = 0
after: x15 = 384

65752: slli x15, x15, 1
x15 = 00000000000000000000000110000000
before: x15 = 00000000000000000000000110000000
after: x15 = 00000000000000000000001100000000

65756: sw x15, -36(x8)
x15 = 768
x8 = 805306304

65760: lw x15, -40(x8)
x8 = 805306304
before: x15 = 768
after: x15 = 0

65764: bne x0, x15, -56
x0 = 0
x15 = 0

65768: lw x15, -20(x8)
x8 = 805306304
before: x15 = 0
after: x15 = 720

65772: addi x10, x15, 0
x15 = 720
before: x10 = 6
after: x10 = 720

65776: lw x8, 44(x2)
x2 = 805306256
before: x8 = 805306304
after: x8 = 805306336

65780: addi x2, x2, 48
x2 = 805306256
before: x2 = 805306256
after: x2 = 805306304

65784: jalr x0, 0(x1)
x1 = 65856

65856: addi x15, x10, 0
x10 = 720
before: x15 = 720
after: x15 = 720

65860: addi x10, x15, 0
x15 = 720
before: x10 = 720
after: x10 = 720

65864: lw x1, 28(x2)
x2 = 805306304
before: x1 = 65856
after: x1 = 65652

65868: lw x8, 24(x2)
x2 = 805306304
before: x8 = 805306336
after: x8 = 805306368

65872: addi x2, x2, 32
x2 = 805306304
before: x2 = 805306304
after: x2 = 805306336

65876: jalr x0, 0(x1)
x1 = 65652

65652: sw x10, -24(x8)
x10 = 720
x8 = 805306368

65656: addi x15, x0, 0
x0 = 0
before: x15 = 720
after: x15 = 0

65660: addi x10, x15, 0
x15 = 0
before: x10 = 720
after: x10 = 0

65664: lw x1, 28(x2)
x2 = 805306336
before: x1 = 65652
after: x1 = 1342177280

65668: lw x8, 24(x2)
x2 = 805306336
before: x8 = 805306368
after: x8 = 0

65672: addi x2, x2, 32
x2 = 805306336
before: x2 = 805306336
after: x2 = 805306368

65676: jalr x0, 0(x1)
x1 = 1342177280

Interpreter has successfully finished execution of factorial.out elf file
